mode: set
github.com/jameswlane/devex/pkg/errors/errors.go:9.44,10.16 1 1
github.com/jameswlane/devex/pkg/errors/errors.go:10.16,12.3 1 1
github.com/jameswlane/devex/pkg/errors/errors.go:13.2,13.43 1 1
github.com/jameswlane/devex/pkg/errors/errors.go:17.32,19.2 1 1
github.com/jameswlane/devex/pkg/errors/errors.go:22.33,24.2 1 1
github.com/jameswlane/devex/pkg/errors/errors.go:27.37,29.2 1 1
github.com/jameswlane/devex/pkg/errors/errors.go:32.30,34.2 1 1
github.com/jameswlane/devex/pkg/errors/installer_errors.go:10.41,12.2 1 1
github.com/jameswlane/devex/pkg/errors/installer_errors.go:14.41,16.2 1 1
github.com/jameswlane/devex/pkg/asciiart/asciiart.go:42.18,45.29 2 1
github.com/jameswlane/devex/pkg/asciiart/asciiart.go:45.29,48.3 2 1
github.com/jameswlane/devex/pkg/asciiart/asciiart.go:52.51,56.2 3 1
github.com/jameswlane/devex/pkg/gitconfig/gitconfig.go:19.57,23.16 3 0
github.com/jameswlane/devex/pkg/gitconfig/gitconfig.go:23.16,26.3 2 0
github.com/jameswlane/devex/pkg/gitconfig/gitconfig.go:28.2,29.57 2 0
github.com/jameswlane/devex/pkg/gitconfig/gitconfig.go:29.57,32.3 2 0
github.com/jameswlane/devex/pkg/gitconfig/gitconfig.go:34.2,35.24 2 0
github.com/jameswlane/devex/pkg/gitconfig/gitconfig.go:39.49,42.56 2 1
github.com/jameswlane/devex/pkg/gitconfig/gitconfig.go:42.56,45.3 2 1
github.com/jameswlane/devex/pkg/gitconfig/gitconfig.go:47.2,47.58 1 1
github.com/jameswlane/devex/pkg/gitconfig/gitconfig.go:47.58,50.3 2 1
github.com/jameswlane/devex/pkg/gitconfig/gitconfig.go:52.2,53.12 2 1
github.com/jameswlane/devex/pkg/gitconfig/gitconfig.go:57.52,58.38 1 1
github.com/jameswlane/devex/pkg/gitconfig/gitconfig.go:58.38,61.17 3 1
github.com/jameswlane/devex/pkg/gitconfig/gitconfig.go:61.17,63.4 1 1
github.com/jameswlane/devex/pkg/gitconfig/gitconfig.go:65.2,65.12 1 1
github.com/jameswlane/devex/pkg/gitconfig/gitconfig.go:69.54,70.35 1 1
github.com/jameswlane/devex/pkg/gitconfig/gitconfig.go:70.35,73.17 3 1
github.com/jameswlane/devex/pkg/gitconfig/gitconfig.go:73.17,75.4 1 1
github.com/jameswlane/devex/pkg/gitconfig/gitconfig.go:77.2,77.12 1 1
github.com/jameswlane/devex/pkg/fonts/fonts.go:28.37,30.2 1 1
github.com/jameswlane/devex/pkg/fonts/fonts.go:32.61,34.2 1 1
github.com/jameswlane/devex/pkg/fonts/fonts.go:36.49,40.16 3 1
github.com/jameswlane/devex/pkg/fonts/fonts.go:40.16,42.3 1 0
github.com/jameswlane/devex/pkg/fonts/fonts.go:44.2,45.53 2 1
github.com/jameswlane/devex/pkg/fonts/fonts.go:45.53,47.3 1 1
github.com/jameswlane/devex/pkg/fonts/fonts.go:49.2,49.19 1 1
github.com/jameswlane/devex/pkg/fonts/fonts.go:52.35,55.21 2 1
github.com/jameswlane/devex/pkg/fonts/fonts.go:56.13,57.30 1 1
github.com/jameswlane/devex/pkg/fonts/fonts.go:58.20,60.13 2 0
github.com/jameswlane/devex/pkg/fonts/fonts.go:61.18,63.13 2 0
github.com/jameswlane/devex/pkg/fonts/fonts.go:64.10,65.67 1 1
github.com/jameswlane/devex/pkg/fonts/fonts.go:69.38,70.61 1 1
github.com/jameswlane/devex/pkg/fonts/fonts.go:70.61,72.3 1 0
github.com/jameswlane/devex/pkg/fonts/fonts.go:74.2,75.16 2 1
github.com/jameswlane/devex/pkg/fonts/fonts.go:75.16,77.3 1 0
github.com/jameswlane/devex/pkg/fonts/fonts.go:78.2,78.15 1 1
github.com/jameswlane/devex/pkg/fonts/fonts.go:78.15,79.50 1 1
github.com/jameswlane/devex/pkg/fonts/fonts.go:79.50,81.4 1 0
github.com/jameswlane/devex/pkg/fonts/fonts.go:84.2,84.82 1 1
github.com/jameswlane/devex/pkg/fonts/fonts.go:84.82,86.3 1 0
github.com/jameswlane/devex/pkg/fonts/fonts.go:88.2,88.75 1 1
github.com/jameswlane/devex/pkg/fonts/fonts.go:88.75,90.3 1 0
github.com/jameswlane/devex/pkg/fonts/fonts.go:92.2,92.12 1 1
github.com/jameswlane/devex/pkg/fonts/fonts.go:95.53,100.16 4 0
github.com/jameswlane/devex/pkg/fonts/fonts.go:100.16,102.3 1 0
github.com/jameswlane/devex/pkg/fonts/fonts.go:103.2,105.88 2 0
github.com/jameswlane/devex/pkg/fonts/fonts.go:105.88,107.3 1 0
github.com/jameswlane/devex/pkg/fonts/fonts.go:109.2,109.28 1 0
github.com/jameswlane/devex/pkg/fonts/fonts.go:112.60,114.16 2 1
github.com/jameswlane/devex/pkg/fonts/fonts.go:114.16,116.3 1 0
github.com/jameswlane/devex/pkg/fonts/fonts.go:117.2,120.16 3 1
github.com/jameswlane/devex/pkg/fonts/fonts.go:120.16,122.3 1 0
github.com/jameswlane/devex/pkg/fonts/fonts.go:124.2,125.16 2 1
github.com/jameswlane/devex/pkg/fonts/fonts.go:125.16,127.3 1 0
github.com/jameswlane/devex/pkg/fonts/fonts.go:129.2,129.32 1 1
github.com/jameswlane/devex/pkg/fonts/fonts.go:129.32,131.27 2 1
github.com/jameswlane/devex/pkg/fonts/fonts.go:131.27,133.4 1 0
github.com/jameswlane/devex/pkg/fonts/fonts.go:133.9,135.4 1 1
github.com/jameswlane/devex/pkg/fonts/fonts.go:136.3,136.17 1 1
github.com/jameswlane/devex/pkg/fonts/fonts.go:136.17,138.4 1 0
github.com/jameswlane/devex/pkg/fonts/fonts.go:141.2,141.12 1 1
github.com/jameswlane/devex/pkg/fonts/fonts.go:144.54,146.16 2 1
github.com/jameswlane/devex/pkg/fonts/fonts.go:146.16,148.3 1 0
github.com/jameswlane/devex/pkg/fonts/fonts.go:149.2,152.16 3 1
github.com/jameswlane/devex/pkg/fonts/fonts.go:152.16,154.3 1 0
github.com/jameswlane/devex/pkg/fonts/fonts.go:155.2,158.12 3 1
github.com/jameswlane/devex/pkg/gnome/background.go:9.44,13.2 3 1
github.com/jameswlane/devex/pkg/gnome/dock.go:28.52,32.16 3 0
github.com/jameswlane/devex/pkg/gnome/dock.go:32.16,35.3 2 0
github.com/jameswlane/devex/pkg/gnome/dock.go:37.2,38.54 2 0
github.com/jameswlane/devex/pkg/gnome/dock.go:38.54,41.3 2 0
github.com/jameswlane/devex/pkg/gnome/dock.go:43.2,44.20 2 0
github.com/jameswlane/devex/pkg/gnome/dock.go:48.66,58.34 4 1
github.com/jameswlane/devex/pkg/gnome/dock.go:58.34,60.47 2 1
github.com/jameswlane/devex/pkg/gnome/dock.go:60.47,63.4 2 1
github.com/jameswlane/devex/pkg/gnome/dock.go:66.2,67.18 2 1
github.com/jameswlane/devex/pkg/gnome/dock.go:71.43,77.39 3 1
github.com/jameswlane/devex/pkg/gnome/dock.go:77.39,79.12 2 1
github.com/jameswlane/devex/pkg/gnome/dock.go:79.12,82.4 2 1
github.com/jameswlane/devex/pkg/gnome/dock.go:86.2,86.84 1 1
github.com/jameswlane/devex/pkg/gnome/dock.go:86.84,88.3 1 1
github.com/jameswlane/devex/pkg/gnome/dock.go:91.2,95.70 3 1
github.com/jameswlane/devex/pkg/gnome/dock.go:95.70,98.3 2 0
github.com/jameswlane/devex/pkg/gnome/dock.go:100.2,101.12 2 1
github.com/jameswlane/devex/pkg/gnome/gsettings.go:11.51,18.70 3 0
github.com/jameswlane/devex/pkg/gnome/gsettings.go:18.70,21.3 2 0
github.com/jameswlane/devex/pkg/gnome/gsettings.go:23.2,24.12 2 0
github.com/jameswlane/devex/pkg/gnome/install.go:25.69,29.16 3 1
github.com/jameswlane/devex/pkg/gnome/install.go:29.16,32.3 2 0
github.com/jameswlane/devex/pkg/gnome/install.go:34.2,35.58 2 1
github.com/jameswlane/devex/pkg/gnome/install.go:35.58,38.3 2 1
github.com/jameswlane/devex/pkg/gnome/install.go:40.2,41.24 2 1
github.com/jameswlane/devex/pkg/gnome/install.go:45.60,50.77 3 1
github.com/jameswlane/devex/pkg/gnome/install.go:50.77,53.3 2 0
github.com/jameswlane/devex/pkg/gnome/install.go:56.2,56.47 1 1
github.com/jameswlane/devex/pkg/gnome/install.go:56.47,57.48 1 1
github.com/jameswlane/devex/pkg/gnome/install.go:57.48,60.4 2 1
github.com/jameswlane/devex/pkg/gnome/install.go:63.2,64.12 2 1
github.com/jameswlane/devex/pkg/gnome/install.go:68.46,72.64 2 1
github.com/jameswlane/devex/pkg/gnome/install.go:72.64,75.3 2 0
github.com/jameswlane/devex/pkg/gnome/install.go:78.2,79.71 2 1
github.com/jameswlane/devex/pkg/gnome/install.go:79.71,82.3 2 1
github.com/jameswlane/devex/pkg/gnome/install.go:84.2,85.12 2 1
github.com/jameswlane/devex/pkg/gnome/install.go:89.29,93.77 3 0
github.com/jameswlane/devex/pkg/gnome/install.go:93.77,96.3 2 0
github.com/jameswlane/devex/pkg/gnome/install.go:98.2,99.12 2 0
github.com/jameswlane/devex/pkg/common/validation.go:6.49,7.17 1 1
github.com/jameswlane/devex/pkg/common/validation.go:7.17,9.3 1 1
github.com/jameswlane/devex/pkg/common/validation.go:10.2,10.12 1 1
github.com/jameswlane/devex/pkg/common/validation.go:14.61,15.20 1 1
github.com/jameswlane/devex/pkg/common/validation.go:15.20,17.3 1 1
github.com/jameswlane/devex/pkg/common/validation.go:18.2,18.12 1 1
github.com/jameswlane/devex/pkg/common/validation.go:22.51,23.16 1 1
github.com/jameswlane/devex/pkg/common/validation.go:23.16,25.3 1 1
github.com/jameswlane/devex/pkg/common/validation.go:26.2,26.18 1 1
github.com/jameswlane/devex/pkg/common/validation.go:26.18,28.3 1 1
github.com/jameswlane/devex/pkg/common/validation.go:29.2,29.12 1 1
github.com/jameswlane/devex/pkg/fs/fs.go:21.26,22.21 1 1
github.com/jameswlane/devex/pkg/fs/fs.go:22.21,23.19 1 1
github.com/jameswlane/devex/pkg/fs/fs.go:23.19,26.4 2 0
github.com/jameswlane/devex/pkg/fs/fs.go:30.20,32.2 1 0
github.com/jameswlane/devex/pkg/fs/fs.go:34.16,36.2 1 0
github.com/jameswlane/devex/pkg/fs/fs.go:38.25,41.2 2 1
github.com/jameswlane/devex/pkg/fs/fs.go:44.49,47.2 2 0
github.com/jameswlane/devex/pkg/fs/fs.go:49.45,52.2 2 0
github.com/jameswlane/devex/pkg/fs/fs.go:54.67,57.2 2 0
github.com/jameswlane/devex/pkg/fs/fs.go:59.46,62.2 2 0
github.com/jameswlane/devex/pkg/fs/fs.go:64.49,67.2 2 0
github.com/jameswlane/devex/pkg/fs/fs.go:69.52,72.2 2 1
github.com/jameswlane/devex/pkg/fs/fs.go:74.32,77.2 2 0
github.com/jameswlane/devex/pkg/fs/fs.go:79.35,82.2 2 0
github.com/jameswlane/devex/pkg/fs/fs.go:84.51,87.2 2 0
github.com/jameswlane/devex/pkg/fs/fs.go:90.45,93.2 2 0
github.com/jameswlane/devex/pkg/fs/fs.go:95.53,98.2 2 0
github.com/jameswlane/devex/pkg/fs/fs.go:100.39,103.2 2 0
github.com/jameswlane/devex/pkg/fs/fs.go:105.41,108.2 2 0
github.com/jameswlane/devex/pkg/fs/fs.go:110.40,113.2 2 1
github.com/jameswlane/devex/pkg/fs/fs.go:115.43,118.2 2 1
github.com/jameswlane/devex/pkg/fs/fs.go:121.44,124.2 2 0
github.com/jameswlane/devex/pkg/fs/fs.go:126.76,129.2 2 0
github.com/jameswlane/devex/pkg/fs/fs.go:131.70,134.2 2 1
github.com/jameswlane/devex/pkg/fs/fs.go:136.48,139.2 2 1
github.com/jameswlane/devex/pkg/fs/fs.go:141.72,144.2 2 0
github.com/jameswlane/devex/pkg/fs/fs.go:146.50,149.2 2 0
github.com/jameswlane/devex/pkg/fs/fs.go:151.54,154.2 2 0
github.com/jameswlane/devex/pkg/fs/fs.go:157.50,160.2 2 0
github.com/jameswlane/devex/pkg/fs/fs.go:162.55,164.15 2 1
github.com/jameswlane/devex/pkg/fs/fs.go:164.15,166.3 1 1
github.com/jameswlane/devex/pkg/fs/fs.go:167.2,167.45 1 1
github.com/jameswlane/devex/pkg/fs/fs.go:171.56,174.2 2 1
github.com/jameswlane/devex/pkg/fs/fs.go:177.20,180.2 2 0
github.com/jameswlane/devex/pkg/fs/fs.go:182.40,185.2 2 0
github.com/jameswlane/devex/pkg/fs/fs.go:188.53,190.27 2 1
github.com/jameswlane/devex/pkg/fs/fs.go:190.27,192.3 1 1
github.com/jameswlane/devex/pkg/fs/fs.go:193.2,194.20 2 1
github.com/jameswlane/devex/pkg/fs/fs.go:197.53,198.67 1 1
github.com/jameswlane/devex/pkg/fs/fs.go:198.67,200.3 1 1
github.com/jameswlane/devex/pkg/fs/fs.go:201.2,201.38 1 1
github.com/jameswlane/devex/pkg/fs/fs.go:204.52,206.16 2 1
github.com/jameswlane/devex/pkg/fs/fs.go:206.16,208.3 1 0
github.com/jameswlane/devex/pkg/fs/fs.go:209.2,209.13 1 1
github.com/jameswlane/devex/pkg/fs/fs.go:209.13,211.3 1 1
github.com/jameswlane/devex/pkg/fs/fs.go:212.2,212.23 1 1
github.com/jameswlane/devex/pkg/fs/fs.go:215.70,218.2 2 0
github.com/jameswlane/devex/pkg/fs/fs.go:230.74,231.20 1 0
github.com/jameswlane/devex/pkg/fs/fs.go:231.20,233.3 1 0
github.com/jameswlane/devex/pkg/fs/fs.go:234.2,234.40 1 0
github.com/jameswlane/devex/pkg/fs/fs.go:238.68,239.18 1 0
github.com/jameswlane/devex/pkg/fs/fs.go:239.18,242.3 2 0
github.com/jameswlane/devex/pkg/fs/fs.go:243.2,244.32 2 0
github.com/jameswlane/devex/pkg/fs/fs.go:248.54,249.18 1 0
github.com/jameswlane/devex/pkg/fs/fs.go:249.18,251.3 1 0
github.com/jameswlane/devex/pkg/fs/fs.go:252.2,252.32 1 0
github.com/jameswlane/devex/pkg/fs/fs.go:256.67,257.16 1 0
github.com/jameswlane/devex/pkg/fs/fs.go:257.16,259.3 1 0
github.com/jameswlane/devex/pkg/fs/fs.go:260.2,260.30 1 0
github.com/jameswlane/devex/pkg/config/apps.go:14.63,17.2 2 0
github.com/jameswlane/devex/pkg/config/apps.go:20.45,23.78 2 1
github.com/jameswlane/devex/pkg/config/apps.go:23.78,25.3 1 1
github.com/jameswlane/devex/pkg/config/apps.go:27.2,28.12 2 1
github.com/jameswlane/devex/pkg/config/apps.go:32.92,36.36 3 0
github.com/jameswlane/devex/pkg/config/apps.go:36.36,37.39 1 0
github.com/jameswlane/devex/pkg/config/apps.go:37.39,38.32 1 0
github.com/jameswlane/devex/pkg/config/apps.go:38.32,40.5 1 0
github.com/jameswlane/devex/pkg/config/apps.go:44.2,45.26 2 0
github.com/jameswlane/devex/pkg/config/apps.go:49.78,52.36 2 0
github.com/jameswlane/devex/pkg/config/apps.go:52.36,53.23 1 0
github.com/jameswlane/devex/pkg/config/apps.go:53.23,56.4 2 0
github.com/jameswlane/devex/pkg/config/apps.go:59.2,60.51 2 0
github.com/jameswlane/devex/pkg/config/apps.go:64.62,70.35 3 0
github.com/jameswlane/devex/pkg/config/apps.go:70.35,71.50 1 0
github.com/jameswlane/devex/pkg/config/apps.go:71.50,73.85 2 0
github.com/jameswlane/devex/pkg/config/apps.go:73.85,84.5 2 0
github.com/jameswlane/devex/pkg/config/apps.go:89.2,89.85 1 0
github.com/jameswlane/devex/pkg/config/apps.go:92.40,93.18 1 1
github.com/jameswlane/devex/pkg/config/apps.go:93.18,95.3 1 1
github.com/jameswlane/devex/pkg/config/apps.go:97.2,99.9 3 1
github.com/jameswlane/devex/pkg/config/apps.go:99.9,102.3 2 0
github.com/jameswlane/devex/pkg/config/apps.go:104.2,105.29 2 1
github.com/jameswlane/devex/pkg/config/apps.go:105.29,107.3 1 1
github.com/jameswlane/devex/pkg/config/apps.go:109.2,110.15 2 1
github.com/jameswlane/devex/pkg/config/apps.go:113.62,114.18 1 0
github.com/jameswlane/devex/pkg/config/apps.go:114.18,116.3 1 0
github.com/jameswlane/devex/pkg/config/apps.go:118.2,120.9 3 0
github.com/jameswlane/devex/pkg/config/apps.go:120.9,123.3 2 0
github.com/jameswlane/devex/pkg/config/apps.go:125.2,126.29 2 0
github.com/jameswlane/devex/pkg/config/apps.go:126.29,132.3 2 0
github.com/jameswlane/devex/pkg/config/apps.go:134.2,135.15 2 0
github.com/jameswlane/devex/pkg/config/config.go:33.53,43.36 5 1
github.com/jameswlane/devex/pkg/config/config.go:43.36,45.60 2 1
github.com/jameswlane/devex/pkg/config/config.go:45.60,47.4 1 0
github.com/jameswlane/devex/pkg/config/config.go:51.2,51.36 1 1
github.com/jameswlane/devex/pkg/config/config.go:51.36,53.72 2 1
github.com/jameswlane/devex/pkg/config/config.go:53.72,55.62 2 0
github.com/jameswlane/devex/pkg/config/config.go:55.62,57.5 1 0
github.com/jameswlane/devex/pkg/config/config.go:62.2,70.51 7 1
github.com/jameswlane/devex/pkg/config/config.go:70.51,73.3 2 0
github.com/jameswlane/devex/pkg/config/config.go:75.2,76.22 2 1
github.com/jameswlane/devex/pkg/config/config.go:79.47,83.16 3 1
github.com/jameswlane/devex/pkg/config/config.go:83.16,85.17 2 1
github.com/jameswlane/devex/pkg/config/config.go:85.17,88.4 2 0
github.com/jameswlane/devex/pkg/config/config.go:89.3,89.14 1 1
github.com/jameswlane/devex/pkg/config/config.go:89.14,92.4 2 1
github.com/jameswlane/devex/pkg/config/config.go:93.3,94.66 2 0
github.com/jameswlane/devex/pkg/config/config.go:98.2,100.67 3 0
github.com/jameswlane/devex/pkg/config/config.go:100.67,103.3 2 0
github.com/jameswlane/devex/pkg/config/config.go:106.2,106.43 1 0
github.com/jameswlane/devex/pkg/config/config.go:106.43,108.3 1 0
github.com/jameswlane/devex/pkg/config/config.go:110.2,111.12 2 0
github.com/jameswlane/devex/pkg/config/loader.go:17.72,25.29 4 1
github.com/jameswlane/devex/pkg/config/loader.go:25.29,27.57 2 1
github.com/jameswlane/devex/pkg/config/loader.go:27.57,29.4 1 0
github.com/jameswlane/devex/pkg/config/loader.go:33.2,33.29 1 1
github.com/jameswlane/devex/pkg/config/loader.go:33.29,35.50 2 1
github.com/jameswlane/devex/pkg/config/loader.go:35.50,37.59 2 0
github.com/jameswlane/devex/pkg/config/loader.go:37.59,39.5 1 0
github.com/jameswlane/devex/pkg/config/loader.go:44.2,47.15 3 1
github.com/jameswlane/devex/pkg/config/loader.go:51.57,53.16 2 1
github.com/jameswlane/devex/pkg/config/loader.go:53.16,54.25 1 1
github.com/jameswlane/devex/pkg/config/loader.go:54.25,57.4 2 1
github.com/jameswlane/devex/pkg/config/loader.go:58.3,58.59 1 0
github.com/jameswlane/devex/pkg/config/loader.go:61.2,63.67 3 0
github.com/jameswlane/devex/pkg/config/loader.go:63.67,65.3 1 0
github.com/jameswlane/devex/pkg/config/loader.go:67.2,67.47 1 0
github.com/jameswlane/devex/pkg/config/loader.go:67.47,69.3 1 0
github.com/jameswlane/devex/pkg/config/loader.go:71.2,71.12 1 0
github.com/jameswlane/devex/pkg/commands/completion.go:9.40,26.55 1 1
github.com/jameswlane/devex/pkg/commands/completion.go:26.55,28.17 2 1
github.com/jameswlane/devex/pkg/commands/completion.go:29.16,30.51 1 1
github.com/jameswlane/devex/pkg/commands/completion.go:31.15,32.50 1 1
github.com/jameswlane/devex/pkg/commands/completion.go:33.16,34.57 1 1
github.com/jameswlane/devex/pkg/commands/completion.go:35.22,36.65 1 1
github.com/jameswlane/devex/pkg/commands/completion.go:37.12,38.23 1 0
github.com/jameswlane/devex/pkg/commands/completion.go:42.2,42.12 1 1
github.com/jameswlane/devex/pkg/commands/install.go:14.13,16.2 1 1
github.com/jameswlane/devex/pkg/commands/install.go:18.84,35.48 2 1
github.com/jameswlane/devex/pkg/commands/install.go:35.48,36.18 1 1
github.com/jameswlane/devex/pkg/commands/install.go:36.18,38.5 1 0
github.com/jameswlane/devex/pkg/commands/install.go:39.4,39.30 1 1
github.com/jameswlane/devex/pkg/commands/install.go:43.2,44.12 2 1
github.com/jameswlane/devex/pkg/commands/install.go:48.47,50.51 2 0
github.com/jameswlane/devex/pkg/commands/install.go:50.51,52.3 1 0
github.com/jameswlane/devex/pkg/commands/install.go:53.2,53.19 1 0
github.com/jameswlane/devex/pkg/commands/install.go:56.66,60.86 2 1
github.com/jameswlane/devex/pkg/commands/install.go:60.86,63.3 2 0
github.com/jameswlane/devex/pkg/commands/install.go:65.2,65.21 1 1
github.com/jameswlane/devex/pkg/commands/install.go:65.21,68.3 2 0
github.com/jameswlane/devex/pkg/commands/install.go:70.2,70.57 1 1
github.com/jameswlane/devex/pkg/commands/install.go:73.97,74.27 1 1
github.com/jameswlane/devex/pkg/commands/install.go:74.27,78.49 2 0
github.com/jameswlane/devex/pkg/commands/install.go:78.49,80.12 2 0
github.com/jameswlane/devex/pkg/commands/install.go:84.3,84.68 1 0
github.com/jameswlane/devex/pkg/commands/install.go:84.68,87.4 2 0
github.com/jameswlane/devex/pkg/commands/install.go:89.3,89.58 1 0
github.com/jameswlane/devex/pkg/commands/install.go:91.2,91.12 1 1
github.com/jameswlane/devex/pkg/commands/install.go:94.66,96.27 2 1
github.com/jameswlane/devex/pkg/commands/install.go:96.27,97.18 1 0
github.com/jameswlane/devex/pkg/commands/install.go:97.18,99.4 1 0
github.com/jameswlane/devex/pkg/commands/install.go:101.2,101.20 1 1
github.com/jameswlane/devex/pkg/commands/registry.go:13.93,15.2 1 1
github.com/jameswlane/devex/pkg/commands/registry.go:18.85,20.35 2 0
github.com/jameswlane/devex/pkg/commands/registry.go:20.35,22.3 1 0
github.com/jameswlane/devex/pkg/commands/registry.go:23.2,23.13 1 0
github.com/jameswlane/devex/pkg/commands/root.go:10.97,27.2 7 0
github.com/jameswlane/devex/pkg/commands/system.go:10.36,17.55 2 1
github.com/jameswlane/devex/pkg/commands/system.go:17.55,18.18 1 1
github.com/jameswlane/devex/pkg/commands/system.go:18.18,20.5 1 0
github.com/jameswlane/devex/pkg/commands/system.go:21.4,22.14 2 1
github.com/jameswlane/devex/pkg/commands/system.go:26.2,28.16 3 1
github.com/jameswlane/devex/pkg/commands/system.go:28.16,30.3 1 0
github.com/jameswlane/devex/pkg/commands/system.go:32.2,32.12 1 1
github.com/jameswlane/devex/pkg/installers/appimage/appimage.go:20.31,22.2 1 1
github.com/jameswlane/devex/pkg/installers/appimage/appimage.go:24.82,29.43 3 0
github.com/jameswlane/devex/pkg/installers/appimage/appimage.go:29.43,32.3 1 0
github.com/jameswlane/devex/pkg/installers/appimage/appimage.go:35.2,41.16 3 0
github.com/jameswlane/devex/pkg/installers/appimage/appimage.go:41.16,44.3 2 0
github.com/jameswlane/devex/pkg/installers/appimage/appimage.go:45.2,45.17 1 0
github.com/jameswlane/devex/pkg/installers/appimage/appimage.go:45.17,48.3 2 0
github.com/jameswlane/devex/pkg/installers/appimage/appimage.go:51.2,51.65 1 0
github.com/jameswlane/devex/pkg/installers/appimage/appimage.go:51.65,54.3 2 0
github.com/jameswlane/devex/pkg/installers/appimage/appimage.go:56.2,59.48 2 0
github.com/jameswlane/devex/pkg/installers/appimage/appimage.go:59.48,62.3 2 0
github.com/jameswlane/devex/pkg/installers/appimage/appimage.go:64.2,65.12 2 0
github.com/jameswlane/devex/pkg/installers/appimage/appimage.go:68.60,70.21 2 0
github.com/jameswlane/devex/pkg/installers/appimage/appimage.go:70.21,72.3 1 0
github.com/jameswlane/devex/pkg/installers/appimage/appimage.go:73.2,73.27 1 0
github.com/jameswlane/devex/pkg/installers/appimage/appimage.go:76.60,81.69 4 0
github.com/jameswlane/devex/pkg/installers/appimage/appimage.go:81.69,83.3 1 0
github.com/jameswlane/devex/pkg/installers/appimage/appimage.go:85.2,86.60 2 0
github.com/jameswlane/devex/pkg/installers/appimage/appimage.go:86.60,88.3 1 0
github.com/jameswlane/devex/pkg/installers/appimage/appimage.go:90.2,91.81 2 0
github.com/jameswlane/devex/pkg/installers/appimage/appimage.go:91.81,93.3 1 0
github.com/jameswlane/devex/pkg/installers/appimage/appimage.go:95.2,96.52 2 0
github.com/jameswlane/devex/pkg/installers/appimage/appimage.go:96.52,98.3 1 0
github.com/jameswlane/devex/pkg/installers/appimage/appimage.go:100.2,100.12 1 0
github.com/jameswlane/devex/pkg/installers/appimage/appimage.go:103.56,107.16 3 0
github.com/jameswlane/devex/pkg/installers/appimage/appimage.go:107.16,110.3 2 0
github.com/jameswlane/devex/pkg/installers/appimage/appimage.go:111.2,114.16 3 0
github.com/jameswlane/devex/pkg/installers/appimage/appimage.go:114.16,117.3 2 0
github.com/jameswlane/devex/pkg/installers/appimage/appimage.go:118.2,121.6 3 0
github.com/jameswlane/devex/pkg/installers/appimage/appimage.go:121.6,123.20 2 0
github.com/jameswlane/devex/pkg/installers/appimage/appimage.go:123.20,124.9 1 0
github.com/jameswlane/devex/pkg/installers/appimage/appimage.go:126.3,126.17 1 0
github.com/jameswlane/devex/pkg/installers/appimage/appimage.go:126.17,129.4 2 0
github.com/jameswlane/devex/pkg/installers/appimage/appimage.go:131.3,132.85 2 0
github.com/jameswlane/devex/pkg/installers/appimage/appimage.go:132.85,135.4 2 0
github.com/jameswlane/devex/pkg/installers/appimage/appimage.go:137.3,137.26 1 0
github.com/jameswlane/devex/pkg/installers/appimage/appimage.go:138.20,140.53 2 0
github.com/jameswlane/devex/pkg/installers/appimage/appimage.go:140.53,143.5 2 0
github.com/jameswlane/devex/pkg/installers/appimage/appimage.go:144.20,147.18 3 0
github.com/jameswlane/devex/pkg/installers/appimage/appimage.go:147.18,150.5 2 0
github.com/jameswlane/devex/pkg/installers/appimage/appimage.go:151.4,152.57 2 0
github.com/jameswlane/devex/pkg/installers/appimage/appimage.go:152.57,155.5 2 0
github.com/jameswlane/devex/pkg/installers/appimage/appimage.go:159.2,160.12 2 0
github.com/jameswlane/devex/pkg/installers/apt/apt.go:17.26,19.2 1 1
github.com/jameswlane/devex/pkg/installers/apt/apt.go:21.77,33.16 4 0
github.com/jameswlane/devex/pkg/installers/apt/apt.go:33.16,36.3 2 0
github.com/jameswlane/devex/pkg/installers/apt/apt.go:38.2,38.17 1 0
github.com/jameswlane/devex/pkg/installers/apt/apt.go:38.17,41.3 2 0
github.com/jameswlane/devex/pkg/installers/apt/apt.go:44.2,45.77 2 0
github.com/jameswlane/devex/pkg/installers/apt/apt.go:45.77,48.3 2 0
github.com/jameswlane/devex/pkg/installers/apt/apt.go:50.2,53.45 2 0
github.com/jameswlane/devex/pkg/installers/apt/apt.go:53.45,56.3 2 0
github.com/jameswlane/devex/pkg/installers/apt/apt.go:58.2,59.12 2 0
github.com/jameswlane/devex/pkg/installers/apt/apt.go:62.66,66.66 2 0
github.com/jameswlane/devex/pkg/installers/apt/apt.go:66.66,69.3 2 0
github.com/jameswlane/devex/pkg/installers/apt/apt.go:72.2,73.76 2 0
github.com/jameswlane/devex/pkg/installers/apt/apt.go:73.76,76.3 2 0
github.com/jameswlane/devex/pkg/installers/apt/apt.go:79.2,80.92 2 0
github.com/jameswlane/devex/pkg/installers/apt/apt.go:80.92,82.3 1 0
github.com/jameswlane/devex/pkg/installers/apt/apt.go:84.2,85.12 2 0
github.com/jameswlane/devex/pkg/installers/apt/gpg.go:16.66,21.16 3 0
github.com/jameswlane/devex/pkg/installers/apt/gpg.go:21.16,24.3 2 0
github.com/jameswlane/devex/pkg/installers/apt/gpg.go:26.2,26.12 1 0
github.com/jameswlane/devex/pkg/installers/apt/gpg.go:26.12,29.3 2 0
github.com/jameswlane/devex/pkg/installers/apt/gpg.go:32.2,33.49 2 0
github.com/jameswlane/devex/pkg/installers/apt/gpg.go:33.49,36.3 2 0
github.com/jameswlane/devex/pkg/installers/apt/gpg.go:39.2,44.16 4 0
github.com/jameswlane/devex/pkg/installers/apt/gpg.go:44.16,47.3 2 0
github.com/jameswlane/devex/pkg/installers/apt/gpg.go:49.2,50.16 2 0
github.com/jameswlane/devex/pkg/installers/apt/gpg.go:50.16,53.3 2 0
github.com/jameswlane/devex/pkg/installers/apt/gpg.go:54.2,56.38 2 0
github.com/jameswlane/devex/pkg/installers/apt/gpg.go:56.38,59.3 2 0
github.com/jameswlane/devex/pkg/installers/apt/gpg.go:62.2,64.16 3 0
github.com/jameswlane/devex/pkg/installers/apt/gpg.go:64.16,67.3 2 0
github.com/jameswlane/devex/pkg/installers/apt/gpg.go:68.2,68.15 1 0
github.com/jameswlane/devex/pkg/installers/apt/gpg.go:68.15,69.43 1 0
github.com/jameswlane/devex/pkg/installers/apt/gpg.go:69.43,71.4 1 0
github.com/jameswlane/devex/pkg/installers/apt/gpg.go:74.2,74.55 1 0
github.com/jameswlane/devex/pkg/installers/apt/gpg.go:74.55,77.3 2 0
github.com/jameswlane/devex/pkg/installers/apt/gpg.go:80.2,80.13 1 0
github.com/jameswlane/devex/pkg/installers/apt/gpg.go:80.13,82.3 1 0
github.com/jameswlane/devex/pkg/installers/apt/gpg.go:85.2,85.57 1 0
github.com/jameswlane/devex/pkg/installers/apt/gpg.go:85.57,88.3 2 0
github.com/jameswlane/devex/pkg/installers/apt/gpg.go:90.2,91.12 2 0
github.com/jameswlane/devex/pkg/installers/apt/gpg_processor.go:12.56,17.70 3 0
github.com/jameswlane/devex/pkg/installers/apt/gpg_processor.go:17.70,20.3 2 0
github.com/jameswlane/devex/pkg/installers/apt/gpg_processor.go:23.2,23.44 1 0
github.com/jameswlane/devex/pkg/installers/apt/gpg_processor.go:23.44,25.3 1 0
github.com/jameswlane/devex/pkg/installers/apt/gpg_processor.go:25.8,27.3 1 0
github.com/jameswlane/devex/pkg/installers/apt/gpg_processor.go:29.2,30.12 2 0
github.com/jameswlane/devex/pkg/installers/apt/repo_validator.go:11.41,14.66 2 0
github.com/jameswlane/devex/pkg/installers/apt/repo_validator.go:14.66,17.3 2 0
github.com/jameswlane/devex/pkg/installers/apt/repo_validator.go:19.2,20.12 2 0
github.com/jameswlane/devex/pkg/installers/apt/repo_validator.go:23.46,25.2 1 0
github.com/jameswlane/devex/pkg/installers/apt/source.go:13.90,17.52 2 0
github.com/jameswlane/devex/pkg/installers/apt/source.go:17.52,20.3 2 0
github.com/jameswlane/devex/pkg/installers/apt/source.go:23.2,23.21 1 0
github.com/jameswlane/devex/pkg/installers/apt/source.go:23.21,24.79 1 0
github.com/jameswlane/devex/pkg/installers/apt/source.go:24.79,27.4 2 0
github.com/jameswlane/devex/pkg/installers/apt/source.go:31.2,39.49 4 0
github.com/jameswlane/devex/pkg/installers/apt/source.go:39.49,42.3 2 0
github.com/jameswlane/devex/pkg/installers/apt/source.go:45.2,46.16 2 0
github.com/jameswlane/devex/pkg/installers/apt/source.go:46.16,49.3 2 0
github.com/jameswlane/devex/pkg/installers/apt/source.go:50.2,50.12 1 0
github.com/jameswlane/devex/pkg/installers/apt/source.go:50.12,53.3 2 0
github.com/jameswlane/devex/pkg/installers/apt/source.go:56.2,56.84 1 0
github.com/jameswlane/devex/pkg/installers/apt/source.go:56.84,59.3 2 0
github.com/jameswlane/devex/pkg/installers/apt/source.go:61.2,62.12 2 0
github.com/jameswlane/devex/pkg/installers/apt/source.go:66.46,68.16 2 0
github.com/jameswlane/devex/pkg/installers/apt/source.go:68.16,71.3 2 0
github.com/jameswlane/devex/pkg/installers/apt/source.go:72.2,72.34 1 0
github.com/jameswlane/devex/pkg/installers/brew/brew.go:14.27,16.2 1 1
github.com/jameswlane/devex/pkg/installers/brew/brew.go:18.78,30.16 4 0
github.com/jameswlane/devex/pkg/installers/brew/brew.go:30.16,33.3 2 0
github.com/jameswlane/devex/pkg/installers/brew/brew.go:35.2,35.17 1 0
github.com/jameswlane/devex/pkg/installers/brew/brew.go:35.17,38.3 2 0
github.com/jameswlane/devex/pkg/installers/brew/brew.go:41.2,43.16 3 0
github.com/jameswlane/devex/pkg/installers/brew/brew.go:43.16,46.3 2 0
github.com/jameswlane/devex/pkg/installers/brew/brew.go:48.2,51.45 2 0
github.com/jameswlane/devex/pkg/installers/brew/brew.go:51.45,54.3 2 0
github.com/jameswlane/devex/pkg/installers/brew/brew.go:56.2,57.12 2 0
github.com/jameswlane/devex/pkg/installers/curlpipe/curlpipe.go:14.31,16.2 1 1
github.com/jameswlane/devex/pkg/installers/curlpipe/curlpipe.go:18.82,23.16 3 0
github.com/jameswlane/devex/pkg/installers/curlpipe/curlpipe.go:23.16,26.3 2 0
github.com/jameswlane/devex/pkg/installers/curlpipe/curlpipe.go:28.2,32.19 3 0
github.com/jameswlane/devex/pkg/installers/curlpipe/curlpipe.go:32.19,35.3 2 0
github.com/jameswlane/devex/pkg/installers/curlpipe/curlpipe.go:38.2,38.45 1 0
github.com/jameswlane/devex/pkg/installers/curlpipe/curlpipe.go:38.45,41.3 2 0
github.com/jameswlane/devex/pkg/installers/curlpipe/curlpipe.go:43.2,44.12 2 0
github.com/jameswlane/devex/pkg/installers/curlpipe/curlpipe.go:47.56,49.29 2 0
github.com/jameswlane/devex/pkg/installers/curlpipe/curlpipe.go:49.29,50.69 1 0
github.com/jameswlane/devex/pkg/installers/curlpipe/curlpipe.go:50.69,53.4 2 0
github.com/jameswlane/devex/pkg/installers/curlpipe/curlpipe.go:55.2,55.11 1 0
github.com/jameswlane/devex/pkg/installers/deb/deb.go:19.26,21.2 1 1
github.com/jameswlane/devex/pkg/installers/deb/deb.go:23.77,28.16 3 0
github.com/jameswlane/devex/pkg/installers/deb/deb.go:28.16,31.3 2 0
github.com/jameswlane/devex/pkg/installers/deb/deb.go:34.2,39.16 4 0
github.com/jameswlane/devex/pkg/installers/deb/deb.go:39.16,42.3 2 0
github.com/jameswlane/devex/pkg/installers/deb/deb.go:44.2,44.17 1 0
github.com/jameswlane/devex/pkg/installers/deb/deb.go:44.17,47.3 2 0
github.com/jameswlane/devex/pkg/installers/deb/deb.go:50.2,52.66 3 0
github.com/jameswlane/devex/pkg/installers/deb/deb.go:52.66,55.3 2 0
github.com/jameswlane/devex/pkg/installers/deb/deb.go:56.2,56.15 1 0
github.com/jameswlane/devex/pkg/installers/deb/deb.go:56.15,57.45 1 0
github.com/jameswlane/devex/pkg/installers/deb/deb.go:57.45,59.4 1 0
github.com/jameswlane/devex/pkg/installers/deb/deb.go:63.2,64.77 2 0
github.com/jameswlane/devex/pkg/installers/deb/deb.go:64.77,67.3 2 0
github.com/jameswlane/devex/pkg/installers/deb/deb.go:70.2,71.85 2 0
github.com/jameswlane/devex/pkg/installers/deb/deb.go:71.85,74.3 2 0
github.com/jameswlane/devex/pkg/installers/deb/deb.go:76.2,79.52 2 0
github.com/jameswlane/devex/pkg/installers/deb/deb.go:79.52,82.3 2 0
github.com/jameswlane/devex/pkg/installers/deb/deb.go:84.2,85.12 2 0
github.com/jameswlane/devex/pkg/installers/deb/utility.go:28.88,31.19 2 0
github.com/jameswlane/devex/pkg/installers/deb/utility.go:31.19,33.3 1 0
github.com/jameswlane/devex/pkg/installers/deb/utility.go:35.2,40.16 5 0
github.com/jameswlane/devex/pkg/installers/deb/utility.go:40.16,43.3 2 0
github.com/jameswlane/devex/pkg/installers/deb/utility.go:45.2,46.16 2 0
github.com/jameswlane/devex/pkg/installers/deb/utility.go:46.16,49.3 2 0
github.com/jameswlane/devex/pkg/installers/deb/utility.go:50.2,52.38 2 0
github.com/jameswlane/devex/pkg/installers/deb/utility.go:52.38,55.3 2 0
github.com/jameswlane/devex/pkg/installers/deb/utility.go:57.2,58.68 2 0
github.com/jameswlane/devex/pkg/installers/deb/utility.go:58.68,61.3 2 0
github.com/jameswlane/devex/pkg/installers/deb/utility.go:64.2,64.39 1 0
github.com/jameswlane/devex/pkg/installers/deb/utility.go:64.39,65.41 1 0
github.com/jameswlane/devex/pkg/installers/deb/utility.go:65.41,68.4 2 0
github.com/jameswlane/devex/pkg/installers/deb/utility.go:71.2,72.67 2 0
github.com/jameswlane/devex/pkg/installers/deb/utility.go:76.49,80.61 2 0
github.com/jameswlane/devex/pkg/installers/deb/utility.go:80.61,83.3 2 0
github.com/jameswlane/devex/pkg/installers/deb/utility.go:85.2,86.12 2 0
github.com/jameswlane/devex/pkg/installers/docker/docker.go:15.29,17.2 1 1
github.com/jameswlane/devex/pkg/installers/docker/docker.go:19.80,24.25 3 0
github.com/jameswlane/devex/pkg/installers/docker/docker.go:24.25,27.3 2 0
github.com/jameswlane/devex/pkg/installers/docker/docker.go:30.2,38.16 3 0
github.com/jameswlane/devex/pkg/installers/docker/docker.go:38.16,41.3 2 0
github.com/jameswlane/devex/pkg/installers/docker/docker.go:43.2,43.17 1 0
github.com/jameswlane/devex/pkg/installers/docker/docker.go:43.17,46.3 2 0
github.com/jameswlane/devex/pkg/installers/docker/docker.go:49.2,49.70 1 0
github.com/jameswlane/devex/pkg/installers/docker/docker.go:49.70,52.3 2 0
github.com/jameswlane/devex/pkg/installers/docker/docker.go:54.2,57.51 2 0
github.com/jameswlane/devex/pkg/installers/docker/docker.go:57.51,60.3 2 0
github.com/jameswlane/devex/pkg/installers/docker/docker.go:62.2,63.12 2 0
github.com/jameswlane/devex/pkg/installers/docker/docker.go:66.50,68.29 2 0
github.com/jameswlane/devex/pkg/installers/docker/docker.go:68.29,69.43 1 0
github.com/jameswlane/devex/pkg/installers/docker/docker.go:69.43,71.4 1 0
github.com/jameswlane/devex/pkg/installers/docker/docker.go:73.2,73.11 1 0
github.com/jameswlane/devex/pkg/installers/flatpak/flatpak.go:14.30,16.2 1 1
github.com/jameswlane/devex/pkg/installers/flatpak/flatpak.go:18.81,30.16 4 0
github.com/jameswlane/devex/pkg/installers/flatpak/flatpak.go:30.16,33.3 2 0
github.com/jameswlane/devex/pkg/installers/flatpak/flatpak.go:35.2,35.17 1 0
github.com/jameswlane/devex/pkg/installers/flatpak/flatpak.go:35.17,38.3 2 0
github.com/jameswlane/devex/pkg/installers/flatpak/flatpak.go:41.2,42.77 2 0
github.com/jameswlane/devex/pkg/installers/flatpak/flatpak.go:42.77,45.3 2 0
github.com/jameswlane/devex/pkg/installers/flatpak/flatpak.go:47.2,50.45 2 0
github.com/jameswlane/devex/pkg/installers/flatpak/flatpak.go:50.45,53.3 2 0
github.com/jameswlane/devex/pkg/installers/flatpak/flatpak.go:55.2,56.12 2 0
github.com/jameswlane/devex/pkg/installers/mise/mise.go:14.27,16.2 1 1
github.com/jameswlane/devex/pkg/installers/mise/mise.go:18.78,30.16 4 0
github.com/jameswlane/devex/pkg/installers/mise/mise.go:30.16,33.3 2 0
github.com/jameswlane/devex/pkg/installers/mise/mise.go:35.2,35.17 1 0
github.com/jameswlane/devex/pkg/installers/mise/mise.go:35.17,38.3 2 0
github.com/jameswlane/devex/pkg/installers/mise/mise.go:41.2,42.77 2 0
github.com/jameswlane/devex/pkg/installers/mise/mise.go:42.77,45.3 2 0
github.com/jameswlane/devex/pkg/installers/mise/mise.go:47.2,50.45 2 0
github.com/jameswlane/devex/pkg/installers/mise/mise.go:50.45,53.3 2 0
github.com/jameswlane/devex/pkg/installers/mise/mise.go:55.2,56.12 2 0
github.com/jameswlane/devex/pkg/installers/pip/pip.go:14.26,16.2 1 1
github.com/jameswlane/devex/pkg/installers/pip/pip.go:18.77,30.16 4 0
github.com/jameswlane/devex/pkg/installers/pip/pip.go:30.16,33.3 2 0
github.com/jameswlane/devex/pkg/installers/pip/pip.go:35.2,35.17 1 0
github.com/jameswlane/devex/pkg/installers/pip/pip.go:35.17,38.3 2 0
github.com/jameswlane/devex/pkg/installers/pip/pip.go:41.2,42.77 2 0
github.com/jameswlane/devex/pkg/installers/pip/pip.go:42.77,45.3 2 0
github.com/jameswlane/devex/pkg/installers/pip/pip.go:47.2,50.45 2 0
github.com/jameswlane/devex/pkg/installers/pip/pip.go:50.45,53.3 2 0
github.com/jameswlane/devex/pkg/installers/pip/pip.go:55.2,56.12 2 0
github.com/jameswlane/devex/pkg/installers/utilities/check_install.go:12.56,18.31 3 0
github.com/jameswlane/devex/pkg/installers/utilities/check_install.go:18.31,19.28 1 0
github.com/jameswlane/devex/pkg/installers/utilities/check_install.go:20.14,21.28 1 0
github.com/jameswlane/devex/pkg/installers/utilities/check_install.go:21.28,24.5 2 0
github.com/jameswlane/devex/pkg/installers/utilities/check_install.go:25.14,26.28 1 0
github.com/jameswlane/devex/pkg/installers/utilities/check_install.go:26.28,29.5 2 0
github.com/jameswlane/devex/pkg/installers/utilities/check_install.go:30.18,31.32 1 0
github.com/jameswlane/devex/pkg/installers/utilities/check_install.go:31.32,34.5 2 0
github.com/jameswlane/devex/pkg/installers/utilities/check_install.go:35.17,36.31 1 0
github.com/jameswlane/devex/pkg/installers/utilities/check_install.go:36.31,39.5 2 0
github.com/jameswlane/devex/pkg/installers/utilities/check_install.go:40.19,41.33 1 0
github.com/jameswlane/devex/pkg/installers/utilities/check_install.go:41.33,44.5 2 0
github.com/jameswlane/devex/pkg/installers/utilities/check_install.go:45.11,47.21 2 0
github.com/jameswlane/devex/pkg/installers/utilities/check_install.go:51.2,52.18 2 0
github.com/jameswlane/devex/pkg/installers/utilities/check_install.go:55.46,58.16 3 0
github.com/jameswlane/devex/pkg/installers/utilities/check_install.go:58.16,61.3 2 0
github.com/jameswlane/devex/pkg/installers/utilities/check_install.go:62.2,62.57 1 0
github.com/jameswlane/devex/pkg/installers/utilities/check_install.go:65.46,68.16 3 0
github.com/jameswlane/devex/pkg/installers/utilities/check_install.go:68.16,71.3 2 0
github.com/jameswlane/devex/pkg/installers/utilities/check_install.go:72.2,72.13 1 0
github.com/jameswlane/devex/pkg/installers/utilities/check_install.go:75.44,78.16 3 0
github.com/jameswlane/devex/pkg/installers/utilities/check_install.go:78.16,81.3 2 0
github.com/jameswlane/devex/pkg/installers/utilities/check_install.go:82.2,82.40 1 0
github.com/jameswlane/devex/pkg/installers/utilities/check_install.go:85.51,88.16 3 0
github.com/jameswlane/devex/pkg/installers/utilities/check_install.go:88.16,91.3 2 0
github.com/jameswlane/devex/pkg/installers/utilities/check_install.go:92.2,92.48 1 0
github.com/jameswlane/devex/pkg/installers/utilities/check_install.go:95.50,96.47 1 0
github.com/jameswlane/devex/pkg/installers/utilities/check_install.go:96.47,99.3 2 0
github.com/jameswlane/devex/pkg/installers/utilities/check_install.go:99.8,99.31 1 0
github.com/jameswlane/devex/pkg/installers/utilities/check_install.go:99.31,101.3 1 0
github.com/jameswlane/devex/pkg/installers/utilities/check_install.go:102.2,102.14 1 0
github.com/jameswlane/devex/cmd/main.go:23.13,28.76 3 0
github.com/jameswlane/devex/cmd/main.go:28.76,30.3 1 0
github.com/jameswlane/devex/cmd/main.go:32.2,33.16 2 0
github.com/jameswlane/devex/cmd/main.go:33.16,35.3 1 0
github.com/jameswlane/devex/cmd/main.go:38.2,46.16 4 0
github.com/jameswlane/devex/cmd/main.go:46.16,48.3 1 0
github.com/jameswlane/devex/cmd/main.go:50.2,51.47 2 0
github.com/jameswlane/devex/cmd/main.go:51.47,53.3 1 0
github.com/jameswlane/devex/cmd/main.go:55.2,58.42 3 0
github.com/jameswlane/devex/cmd/main.go:58.42,60.3 1 0
github.com/jameswlane/devex/cmd/main.go:62.2,62.42 1 0
github.com/jameswlane/devex/cmd/main.go:62.42,64.3 1 0
github.com/jameswlane/devex/cmd/main.go:66.2,66.56 1 0
github.com/jameswlane/devex/cmd/main.go:69.45,70.16 1 0
github.com/jameswlane/devex/cmd/main.go:70.16,72.45 2 0
github.com/jameswlane/devex/cmd/main.go:72.45,74.4 1 0
github.com/jameswlane/devex/cmd/main.go:74.9,76.4 1 0
github.com/jameswlane/devex/cmd/main.go:77.3,77.10 1 0
github.com/jameswlane/devex/cmd/main.go:81.58,84.16 3 0
github.com/jameswlane/devex/cmd/main.go:84.16,86.3 1 0
github.com/jameswlane/devex/cmd/main.go:87.2,87.41 1 0
github.com/jameswlane/devex/pkg/installers/appimage/appimage.go:20.31,22.2 1 1
github.com/jameswlane/devex/pkg/installers/appimage/appimage.go:24.82,29.43 3 0
github.com/jameswlane/devex/pkg/installers/appimage/appimage.go:29.43,32.3 1 0
github.com/jameswlane/devex/pkg/installers/appimage/appimage.go:35.2,41.16 3 0
github.com/jameswlane/devex/pkg/installers/appimage/appimage.go:41.16,44.3 2 0
github.com/jameswlane/devex/pkg/installers/appimage/appimage.go:45.2,45.17 1 0
github.com/jameswlane/devex/pkg/installers/appimage/appimage.go:45.17,48.3 2 0
github.com/jameswlane/devex/pkg/installers/appimage/appimage.go:51.2,51.65 1 0
github.com/jameswlane/devex/pkg/installers/appimage/appimage.go:51.65,54.3 2 0
github.com/jameswlane/devex/pkg/installers/appimage/appimage.go:56.2,59.48 2 0
github.com/jameswlane/devex/pkg/installers/appimage/appimage.go:59.48,62.3 2 0
github.com/jameswlane/devex/pkg/installers/appimage/appimage.go:64.2,65.12 2 0
github.com/jameswlane/devex/pkg/installers/appimage/appimage.go:68.60,70.21 2 0
github.com/jameswlane/devex/pkg/installers/appimage/appimage.go:70.21,72.3 1 0
github.com/jameswlane/devex/pkg/installers/appimage/appimage.go:73.2,73.27 1 0
github.com/jameswlane/devex/pkg/installers/appimage/appimage.go:76.60,81.69 4 0
github.com/jameswlane/devex/pkg/installers/appimage/appimage.go:81.69,83.3 1 0
github.com/jameswlane/devex/pkg/installers/appimage/appimage.go:85.2,86.60 2 0
github.com/jameswlane/devex/pkg/installers/appimage/appimage.go:86.60,88.3 1 0
github.com/jameswlane/devex/pkg/installers/appimage/appimage.go:90.2,91.81 2 0
github.com/jameswlane/devex/pkg/installers/appimage/appimage.go:91.81,93.3 1 0
github.com/jameswlane/devex/pkg/installers/appimage/appimage.go:95.2,96.52 2 0
github.com/jameswlane/devex/pkg/installers/appimage/appimage.go:96.52,98.3 1 0
github.com/jameswlane/devex/pkg/installers/appimage/appimage.go:100.2,100.12 1 0
github.com/jameswlane/devex/pkg/installers/appimage/appimage.go:103.56,107.16 3 0
github.com/jameswlane/devex/pkg/installers/appimage/appimage.go:107.16,110.3 2 0
github.com/jameswlane/devex/pkg/installers/appimage/appimage.go:111.2,114.16 3 0
github.com/jameswlane/devex/pkg/installers/appimage/appimage.go:114.16,117.3 2 0
github.com/jameswlane/devex/pkg/installers/appimage/appimage.go:118.2,121.6 3 0
github.com/jameswlane/devex/pkg/installers/appimage/appimage.go:121.6,123.20 2 0
github.com/jameswlane/devex/pkg/installers/appimage/appimage.go:123.20,124.9 1 0
github.com/jameswlane/devex/pkg/installers/appimage/appimage.go:126.3,126.17 1 0
github.com/jameswlane/devex/pkg/installers/appimage/appimage.go:126.17,129.4 2 0
github.com/jameswlane/devex/pkg/installers/appimage/appimage.go:131.3,132.85 2 0
github.com/jameswlane/devex/pkg/installers/appimage/appimage.go:132.85,135.4 2 0
github.com/jameswlane/devex/pkg/installers/appimage/appimage.go:137.3,137.26 1 0
github.com/jameswlane/devex/pkg/installers/appimage/appimage.go:138.20,140.53 2 0
github.com/jameswlane/devex/pkg/installers/appimage/appimage.go:140.53,143.5 2 0
github.com/jameswlane/devex/pkg/installers/appimage/appimage.go:144.20,147.18 3 0
github.com/jameswlane/devex/pkg/installers/appimage/appimage.go:147.18,150.5 2 0
github.com/jameswlane/devex/pkg/installers/appimage/appimage.go:151.4,152.57 2 0
github.com/jameswlane/devex/pkg/installers/appimage/appimage.go:152.57,155.5 2 0
github.com/jameswlane/devex/pkg/installers/appimage/appimage.go:159.2,160.12 2 0
github.com/jameswlane/devex/pkg/installers/apt/apt.go:17.26,19.2 1 1
github.com/jameswlane/devex/pkg/installers/apt/apt.go:21.77,33.16 4 0
github.com/jameswlane/devex/pkg/installers/apt/apt.go:33.16,36.3 2 0
github.com/jameswlane/devex/pkg/installers/apt/apt.go:38.2,38.17 1 0
github.com/jameswlane/devex/pkg/installers/apt/apt.go:38.17,41.3 2 0
github.com/jameswlane/devex/pkg/installers/apt/apt.go:44.2,45.77 2 0
github.com/jameswlane/devex/pkg/installers/apt/apt.go:45.77,48.3 2 0
github.com/jameswlane/devex/pkg/installers/apt/apt.go:50.2,53.45 2 0
github.com/jameswlane/devex/pkg/installers/apt/apt.go:53.45,56.3 2 0
github.com/jameswlane/devex/pkg/installers/apt/apt.go:58.2,59.12 2 0
github.com/jameswlane/devex/pkg/installers/apt/apt.go:62.66,66.66 2 0
github.com/jameswlane/devex/pkg/installers/apt/apt.go:66.66,69.3 2 0
github.com/jameswlane/devex/pkg/installers/apt/apt.go:72.2,73.76 2 0
github.com/jameswlane/devex/pkg/installers/apt/apt.go:73.76,76.3 2 0
github.com/jameswlane/devex/pkg/installers/apt/apt.go:79.2,80.92 2 0
github.com/jameswlane/devex/pkg/installers/apt/apt.go:80.92,82.3 1 0
github.com/jameswlane/devex/pkg/installers/apt/apt.go:84.2,85.12 2 0
github.com/jameswlane/devex/pkg/installers/apt/gpg.go:16.66,21.16 3 0
github.com/jameswlane/devex/pkg/installers/apt/gpg.go:21.16,24.3 2 0
github.com/jameswlane/devex/pkg/installers/apt/gpg.go:26.2,26.12 1 0
github.com/jameswlane/devex/pkg/installers/apt/gpg.go:26.12,29.3 2 0
github.com/jameswlane/devex/pkg/installers/apt/gpg.go:32.2,33.49 2 0
github.com/jameswlane/devex/pkg/installers/apt/gpg.go:33.49,36.3 2 0
github.com/jameswlane/devex/pkg/installers/apt/gpg.go:39.2,44.16 4 0
github.com/jameswlane/devex/pkg/installers/apt/gpg.go:44.16,47.3 2 0
github.com/jameswlane/devex/pkg/installers/apt/gpg.go:49.2,50.16 2 0
github.com/jameswlane/devex/pkg/installers/apt/gpg.go:50.16,53.3 2 0
github.com/jameswlane/devex/pkg/installers/apt/gpg.go:54.2,56.38 2 0
github.com/jameswlane/devex/pkg/installers/apt/gpg.go:56.38,59.3 2 0
github.com/jameswlane/devex/pkg/installers/apt/gpg.go:62.2,64.16 3 0
github.com/jameswlane/devex/pkg/installers/apt/gpg.go:64.16,67.3 2 0
github.com/jameswlane/devex/pkg/installers/apt/gpg.go:68.2,68.15 1 0
github.com/jameswlane/devex/pkg/installers/apt/gpg.go:68.15,69.43 1 0
github.com/jameswlane/devex/pkg/installers/apt/gpg.go:69.43,71.4 1 0
github.com/jameswlane/devex/pkg/installers/apt/gpg.go:74.2,74.55 1 0
github.com/jameswlane/devex/pkg/installers/apt/gpg.go:74.55,77.3 2 0
github.com/jameswlane/devex/pkg/installers/apt/gpg.go:80.2,80.13 1 0
github.com/jameswlane/devex/pkg/installers/apt/gpg.go:80.13,82.3 1 0
github.com/jameswlane/devex/pkg/installers/apt/gpg.go:85.2,85.57 1 0
github.com/jameswlane/devex/pkg/installers/apt/gpg.go:85.57,88.3 2 0
github.com/jameswlane/devex/pkg/installers/apt/gpg.go:90.2,91.12 2 0
github.com/jameswlane/devex/pkg/installers/apt/gpg_processor.go:12.56,17.70 3 0
github.com/jameswlane/devex/pkg/installers/apt/gpg_processor.go:17.70,20.3 2 0
github.com/jameswlane/devex/pkg/installers/apt/gpg_processor.go:23.2,23.44 1 0
github.com/jameswlane/devex/pkg/installers/apt/gpg_processor.go:23.44,25.3 1 0
github.com/jameswlane/devex/pkg/installers/apt/gpg_processor.go:25.8,27.3 1 0
github.com/jameswlane/devex/pkg/installers/apt/gpg_processor.go:29.2,30.12 2 0
github.com/jameswlane/devex/pkg/installers/apt/repo_validator.go:11.41,14.66 2 0
github.com/jameswlane/devex/pkg/installers/apt/repo_validator.go:14.66,17.3 2 0
github.com/jameswlane/devex/pkg/installers/apt/repo_validator.go:19.2,20.12 2 0
github.com/jameswlane/devex/pkg/installers/apt/repo_validator.go:23.46,25.2 1 0
github.com/jameswlane/devex/pkg/installers/apt/source.go:13.90,17.52 2 0
github.com/jameswlane/devex/pkg/installers/apt/source.go:17.52,20.3 2 0
github.com/jameswlane/devex/pkg/installers/apt/source.go:23.2,23.21 1 0
github.com/jameswlane/devex/pkg/installers/apt/source.go:23.21,24.79 1 0
github.com/jameswlane/devex/pkg/installers/apt/source.go:24.79,27.4 2 0
github.com/jameswlane/devex/pkg/installers/apt/source.go:31.2,39.49 4 0
github.com/jameswlane/devex/pkg/installers/apt/source.go:39.49,42.3 2 0
github.com/jameswlane/devex/pkg/installers/apt/source.go:45.2,46.16 2 0
github.com/jameswlane/devex/pkg/installers/apt/source.go:46.16,49.3 2 0
github.com/jameswlane/devex/pkg/installers/apt/source.go:50.2,50.12 1 0
github.com/jameswlane/devex/pkg/installers/apt/source.go:50.12,53.3 2 0
github.com/jameswlane/devex/pkg/installers/apt/source.go:56.2,56.84 1 0
github.com/jameswlane/devex/pkg/installers/apt/source.go:56.84,59.3 2 0
github.com/jameswlane/devex/pkg/installers/apt/source.go:61.2,62.12 2 0
github.com/jameswlane/devex/pkg/installers/apt/source.go:66.46,68.16 2 0
github.com/jameswlane/devex/pkg/installers/apt/source.go:68.16,71.3 2 0
github.com/jameswlane/devex/pkg/installers/apt/source.go:72.2,72.34 1 0
github.com/jameswlane/devex/pkg/installers/brew/brew.go:14.27,16.2 1 1
github.com/jameswlane/devex/pkg/installers/brew/brew.go:18.78,30.16 4 0
github.com/jameswlane/devex/pkg/installers/brew/brew.go:30.16,33.3 2 0
github.com/jameswlane/devex/pkg/installers/brew/brew.go:35.2,35.17 1 0
github.com/jameswlane/devex/pkg/installers/brew/brew.go:35.17,38.3 2 0
github.com/jameswlane/devex/pkg/installers/brew/brew.go:41.2,43.16 3 0
github.com/jameswlane/devex/pkg/installers/brew/brew.go:43.16,46.3 2 0
github.com/jameswlane/devex/pkg/installers/brew/brew.go:48.2,51.45 2 0
github.com/jameswlane/devex/pkg/installers/brew/brew.go:51.45,54.3 2 0
github.com/jameswlane/devex/pkg/installers/brew/brew.go:56.2,57.12 2 0
github.com/jameswlane/devex/pkg/installers/curlpipe/curlpipe.go:14.31,16.2 1 1
github.com/jameswlane/devex/pkg/installers/curlpipe/curlpipe.go:18.82,23.16 3 0
github.com/jameswlane/devex/pkg/installers/curlpipe/curlpipe.go:23.16,26.3 2 0
github.com/jameswlane/devex/pkg/installers/curlpipe/curlpipe.go:28.2,32.19 3 0
github.com/jameswlane/devex/pkg/installers/curlpipe/curlpipe.go:32.19,35.3 2 0
github.com/jameswlane/devex/pkg/installers/curlpipe/curlpipe.go:38.2,38.45 1 0
github.com/jameswlane/devex/pkg/installers/curlpipe/curlpipe.go:38.45,41.3 2 0
github.com/jameswlane/devex/pkg/installers/curlpipe/curlpipe.go:43.2,44.12 2 0
github.com/jameswlane/devex/pkg/installers/curlpipe/curlpipe.go:47.56,49.29 2 0
github.com/jameswlane/devex/pkg/installers/curlpipe/curlpipe.go:49.29,50.69 1 0
github.com/jameswlane/devex/pkg/installers/curlpipe/curlpipe.go:50.69,53.4 2 0
github.com/jameswlane/devex/pkg/installers/curlpipe/curlpipe.go:55.2,55.11 1 0
github.com/jameswlane/devex/pkg/installers/deb/deb.go:19.26,21.2 1 1
github.com/jameswlane/devex/pkg/installers/deb/deb.go:23.77,28.16 3 0
github.com/jameswlane/devex/pkg/installers/deb/deb.go:28.16,31.3 2 0
github.com/jameswlane/devex/pkg/installers/deb/deb.go:34.2,39.16 4 0
github.com/jameswlane/devex/pkg/installers/deb/deb.go:39.16,42.3 2 0
github.com/jameswlane/devex/pkg/installers/deb/deb.go:44.2,44.17 1 0
github.com/jameswlane/devex/pkg/installers/deb/deb.go:44.17,47.3 2 0
github.com/jameswlane/devex/pkg/installers/deb/deb.go:50.2,52.66 3 0
github.com/jameswlane/devex/pkg/installers/deb/deb.go:52.66,55.3 2 0
github.com/jameswlane/devex/pkg/installers/deb/deb.go:56.2,56.15 1 0
github.com/jameswlane/devex/pkg/installers/deb/deb.go:56.15,57.45 1 0
github.com/jameswlane/devex/pkg/installers/deb/deb.go:57.45,59.4 1 0
github.com/jameswlane/devex/pkg/installers/deb/deb.go:63.2,64.77 2 0
github.com/jameswlane/devex/pkg/installers/deb/deb.go:64.77,67.3 2 0
github.com/jameswlane/devex/pkg/installers/deb/deb.go:70.2,71.85 2 0
github.com/jameswlane/devex/pkg/installers/deb/deb.go:71.85,74.3 2 0
github.com/jameswlane/devex/pkg/installers/deb/deb.go:76.2,79.52 2 0
github.com/jameswlane/devex/pkg/installers/deb/deb.go:79.52,82.3 2 0
github.com/jameswlane/devex/pkg/installers/deb/deb.go:84.2,85.12 2 0
github.com/jameswlane/devex/pkg/installers/deb/utility.go:28.88,31.19 2 0
github.com/jameswlane/devex/pkg/installers/deb/utility.go:31.19,33.3 1 0
github.com/jameswlane/devex/pkg/installers/deb/utility.go:35.2,40.16 5 0
github.com/jameswlane/devex/pkg/installers/deb/utility.go:40.16,43.3 2 0
github.com/jameswlane/devex/pkg/installers/deb/utility.go:45.2,46.16 2 0
github.com/jameswlane/devex/pkg/installers/deb/utility.go:46.16,49.3 2 0
github.com/jameswlane/devex/pkg/installers/deb/utility.go:50.2,52.38 2 0
github.com/jameswlane/devex/pkg/installers/deb/utility.go:52.38,55.3 2 0
github.com/jameswlane/devex/pkg/installers/deb/utility.go:57.2,58.68 2 0
github.com/jameswlane/devex/pkg/installers/deb/utility.go:58.68,61.3 2 0
github.com/jameswlane/devex/pkg/installers/deb/utility.go:64.2,64.39 1 0
github.com/jameswlane/devex/pkg/installers/deb/utility.go:64.39,65.41 1 0
github.com/jameswlane/devex/pkg/installers/deb/utility.go:65.41,68.4 2 0
github.com/jameswlane/devex/pkg/installers/deb/utility.go:71.2,72.67 2 0
github.com/jameswlane/devex/pkg/installers/deb/utility.go:76.49,80.61 2 0
github.com/jameswlane/devex/pkg/installers/deb/utility.go:80.61,83.3 2 0
github.com/jameswlane/devex/pkg/installers/deb/utility.go:85.2,86.12 2 0
github.com/jameswlane/devex/pkg/installers/docker/docker.go:15.29,17.2 1 1
github.com/jameswlane/devex/pkg/installers/docker/docker.go:19.80,24.25 3 0
github.com/jameswlane/devex/pkg/installers/docker/docker.go:24.25,27.3 2 0
github.com/jameswlane/devex/pkg/installers/docker/docker.go:30.2,38.16 3 0
github.com/jameswlane/devex/pkg/installers/docker/docker.go:38.16,41.3 2 0
github.com/jameswlane/devex/pkg/installers/docker/docker.go:43.2,43.17 1 0
github.com/jameswlane/devex/pkg/installers/docker/docker.go:43.17,46.3 2 0
github.com/jameswlane/devex/pkg/installers/docker/docker.go:49.2,49.70 1 0
github.com/jameswlane/devex/pkg/installers/docker/docker.go:49.70,52.3 2 0
github.com/jameswlane/devex/pkg/installers/docker/docker.go:54.2,57.51 2 0
github.com/jameswlane/devex/pkg/installers/docker/docker.go:57.51,60.3 2 0
github.com/jameswlane/devex/pkg/installers/docker/docker.go:62.2,63.12 2 0
github.com/jameswlane/devex/pkg/installers/docker/docker.go:66.50,68.29 2 0
github.com/jameswlane/devex/pkg/installers/docker/docker.go:68.29,69.43 1 0
github.com/jameswlane/devex/pkg/installers/docker/docker.go:69.43,71.4 1 0
github.com/jameswlane/devex/pkg/installers/docker/docker.go:73.2,73.11 1 0
github.com/jameswlane/devex/pkg/installers/flatpak/flatpak.go:14.30,16.2 1 1
github.com/jameswlane/devex/pkg/installers/flatpak/flatpak.go:18.81,30.16 4 0
github.com/jameswlane/devex/pkg/installers/flatpak/flatpak.go:30.16,33.3 2 0
github.com/jameswlane/devex/pkg/installers/flatpak/flatpak.go:35.2,35.17 1 0
github.com/jameswlane/devex/pkg/installers/flatpak/flatpak.go:35.17,38.3 2 0
github.com/jameswlane/devex/pkg/installers/flatpak/flatpak.go:41.2,42.77 2 0
github.com/jameswlane/devex/pkg/installers/flatpak/flatpak.go:42.77,45.3 2 0
github.com/jameswlane/devex/pkg/installers/flatpak/flatpak.go:47.2,50.45 2 0
github.com/jameswlane/devex/pkg/installers/flatpak/flatpak.go:50.45,53.3 2 0
github.com/jameswlane/devex/pkg/installers/flatpak/flatpak.go:55.2,56.12 2 0
github.com/jameswlane/devex/pkg/installers/mise/mise.go:14.27,16.2 1 1
github.com/jameswlane/devex/pkg/installers/mise/mise.go:18.78,30.16 4 0
github.com/jameswlane/devex/pkg/installers/mise/mise.go:30.16,33.3 2 0
github.com/jameswlane/devex/pkg/installers/mise/mise.go:35.2,35.17 1 0
github.com/jameswlane/devex/pkg/installers/mise/mise.go:35.17,38.3 2 0
github.com/jameswlane/devex/pkg/installers/mise/mise.go:41.2,42.77 2 0
github.com/jameswlane/devex/pkg/installers/mise/mise.go:42.77,45.3 2 0
github.com/jameswlane/devex/pkg/installers/mise/mise.go:47.2,50.45 2 0
github.com/jameswlane/devex/pkg/installers/mise/mise.go:50.45,53.3 2 0
github.com/jameswlane/devex/pkg/installers/mise/mise.go:55.2,56.12 2 0
github.com/jameswlane/devex/pkg/installers/pip/pip.go:14.26,16.2 1 1
github.com/jameswlane/devex/pkg/installers/pip/pip.go:18.77,30.16 4 0
github.com/jameswlane/devex/pkg/installers/pip/pip.go:30.16,33.3 2 0
github.com/jameswlane/devex/pkg/installers/pip/pip.go:35.2,35.17 1 0
github.com/jameswlane/devex/pkg/installers/pip/pip.go:35.17,38.3 2 0
github.com/jameswlane/devex/pkg/installers/pip/pip.go:41.2,42.77 2 0
github.com/jameswlane/devex/pkg/installers/pip/pip.go:42.77,45.3 2 0
github.com/jameswlane/devex/pkg/installers/pip/pip.go:47.2,50.45 2 0
github.com/jameswlane/devex/pkg/installers/pip/pip.go:50.45,53.3 2 0
github.com/jameswlane/devex/pkg/installers/pip/pip.go:55.2,56.12 2 0
github.com/jameswlane/devex/pkg/installers/utilities/check_install.go:12.56,18.31 3 0
github.com/jameswlane/devex/pkg/installers/utilities/check_install.go:18.31,19.28 1 0
github.com/jameswlane/devex/pkg/installers/utilities/check_install.go:20.14,21.28 1 0
github.com/jameswlane/devex/pkg/installers/utilities/check_install.go:21.28,24.5 2 0
github.com/jameswlane/devex/pkg/installers/utilities/check_install.go:25.14,26.28 1 0
github.com/jameswlane/devex/pkg/installers/utilities/check_install.go:26.28,29.5 2 0
github.com/jameswlane/devex/pkg/installers/utilities/check_install.go:30.18,31.32 1 0
github.com/jameswlane/devex/pkg/installers/utilities/check_install.go:31.32,34.5 2 0
github.com/jameswlane/devex/pkg/installers/utilities/check_install.go:35.17,36.31 1 0
github.com/jameswlane/devex/pkg/installers/utilities/check_install.go:36.31,39.5 2 0
github.com/jameswlane/devex/pkg/installers/utilities/check_install.go:40.19,41.33 1 0
github.com/jameswlane/devex/pkg/installers/utilities/check_install.go:41.33,44.5 2 0
github.com/jameswlane/devex/pkg/installers/utilities/check_install.go:45.11,47.21 2 0
github.com/jameswlane/devex/pkg/installers/utilities/check_install.go:51.2,52.18 2 0
github.com/jameswlane/devex/pkg/installers/utilities/check_install.go:55.46,58.16 3 0
github.com/jameswlane/devex/pkg/installers/utilities/check_install.go:58.16,61.3 2 0
github.com/jameswlane/devex/pkg/installers/utilities/check_install.go:62.2,62.57 1 0
github.com/jameswlane/devex/pkg/installers/utilities/check_install.go:65.46,68.16 3 0
github.com/jameswlane/devex/pkg/installers/utilities/check_install.go:68.16,71.3 2 0
github.com/jameswlane/devex/pkg/installers/utilities/check_install.go:72.2,72.13 1 0
github.com/jameswlane/devex/pkg/installers/utilities/check_install.go:75.44,78.16 3 0
github.com/jameswlane/devex/pkg/installers/utilities/check_install.go:78.16,81.3 2 0
github.com/jameswlane/devex/pkg/installers/utilities/check_install.go:82.2,82.40 1 0
github.com/jameswlane/devex/pkg/installers/utilities/check_install.go:85.51,88.16 3 0
github.com/jameswlane/devex/pkg/installers/utilities/check_install.go:88.16,91.3 2 0
github.com/jameswlane/devex/pkg/installers/utilities/check_install.go:92.2,92.48 1 0
github.com/jameswlane/devex/pkg/installers/utilities/check_install.go:95.50,96.47 1 0
github.com/jameswlane/devex/pkg/installers/utilities/check_install.go:96.47,99.3 2 0
github.com/jameswlane/devex/pkg/installers/utilities/check_install.go:99.8,99.31 1 0
github.com/jameswlane/devex/pkg/installers/utilities/check_install.go:99.31,101.3 1 0
github.com/jameswlane/devex/pkg/installers/utilities/check_install.go:102.2,102.14 1 0
github.com/jameswlane/devex/pkg/db/db.go:15.52,18.2 2 1
github.com/jameswlane/devex/pkg/db/db.go:21.74,26.16 3 1
github.com/jameswlane/devex/pkg/db/db.go:26.16,29.3 2 0
github.com/jameswlane/devex/pkg/db/db.go:32.2,34.24 3 1
github.com/jameswlane/devex/pkg/db/db.go:34.24,36.3 1 1
github.com/jameswlane/devex/pkg/db/db.go:38.2,38.51 1 1
github.com/jameswlane/devex/pkg/db/db.go:38.51,41.3 2 1
github.com/jameswlane/devex/pkg/db/db.go:44.2,45.30 2 1
github.com/jameswlane/devex/pkg/db/db.go:45.30,47.3 1 1
github.com/jameswlane/devex/pkg/db/db.go:49.2,49.20 1 1
github.com/jameswlane/devex/pkg/db/db.go:53.70,55.16 2 1
github.com/jameswlane/devex/pkg/db/db.go:55.16,57.3 1 1
github.com/jameswlane/devex/pkg/db/db.go:58.2,61.16 3 1
github.com/jameswlane/devex/pkg/db/db.go:61.16,63.3 1 0
github.com/jameswlane/devex/pkg/db/db.go:64.2,64.21 1 1
github.com/jameswlane/devex/pkg/db/db.go:68.41,70.36 2 1
github.com/jameswlane/devex/pkg/db/db.go:70.36,73.3 2 1
github.com/jameswlane/devex/pkg/db/db.go:74.2,75.12 2 1
github.com/jameswlane/devex/pkg/mocks/mocks_command_executor.go:14.52,16.2 1 0
github.com/jameswlane/devex/pkg/mocks/mocks_command_executor.go:18.79,20.33 2 0
github.com/jameswlane/devex/pkg/mocks/mocks_command_executor.go:20.33,22.3 1 0
github.com/jameswlane/devex/pkg/mocks/mocks_command_executor.go:23.2,23.27 1 0
github.com/jameswlane/devex/pkg/mocks/mocks_command_executor.go:26.108,29.33 3 0
github.com/jameswlane/devex/pkg/mocks/mocks_command_executor.go:29.33,31.3 1 0
github.com/jameswlane/devex/pkg/mocks/mocks_command_executor.go:32.2,32.27 1 0
github.com/jameswlane/devex/pkg/mocks/mocks_command_executor.go:35.104,37.29 1 0
github.com/jameswlane/devex/pkg/mocks/mocks_command_executor.go:37.29,39.3 1 0
github.com/jameswlane/devex/pkg/mocks/mocks_command_executor.go:40.2,41.12 2 0
github.com/jameswlane/devex/pkg/mocks/mocks_repository.go:16.42,21.2 1 0
github.com/jameswlane/devex/pkg/mocks/mocks_repository.go:23.64,28.29 4 0
github.com/jameswlane/devex/pkg/mocks/mocks_repository.go:28.29,30.3 1 0
github.com/jameswlane/devex/pkg/mocks/mocks_repository.go:31.2,31.18 1 0
github.com/jameswlane/devex/pkg/mocks/mocks_repository.go:34.61,38.43 3 0
github.com/jameswlane/devex/pkg/mocks/mocks_repository.go:38.43,40.3 1 0
github.com/jameswlane/devex/pkg/mocks/mocks_repository.go:41.2,42.12 2 0
github.com/jameswlane/devex/pkg/mocks/mocks_repository.go:45.55,50.2 4 0
github.com/jameswlane/devex/pkg/mocks/mocks_repository.go:52.58,56.9 4 0
github.com/jameswlane/devex/pkg/mocks/mocks_repository.go:56.9,58.3 1 0
github.com/jameswlane/devex/pkg/mocks/mocks_repository.go:59.2,59.17 1 0
github.com/jameswlane/devex/pkg/mocks/mocks_repository.go:62.55,67.2 4 0
github.com/jameswlane/devex/pkg/mocks/mocks_repository.go:69.52,72.39 3 0
github.com/jameswlane/devex/pkg/mocks/mocks_repository.go:72.39,74.3 1 0
github.com/jameswlane/devex/pkg/mocks/mocks_repository.go:75.2,76.12 2 0
github.com/jameswlane/devex/pkg/mocks/mocks_repository.go:79.72,83.9 4 0
github.com/jameswlane/devex/pkg/mocks/mocks_repository.go:83.9,85.3 1 0
github.com/jameswlane/devex/pkg/mocks/mocks_repository.go:86.2,86.17 1 0
github.com/jameswlane/devex/pkg/mocks/mocks_utils.go:25.32,27.2 1 1
github.com/jameswlane/devex/pkg/mocks/mocks_utils.go:29.69,31.33 2 1
github.com/jameswlane/devex/pkg/mocks/mocks_utils.go:31.33,33.3 1 1
github.com/jameswlane/devex/pkg/mocks/mocks_utils.go:34.2,34.33 1 1
github.com/jameswlane/devex/pkg/mocks/mocks_utils.go:37.49,39.2 1 1
github.com/jameswlane/devex/pkg/mocks/mocks_utils.go:41.80,44.37 3 0
github.com/jameswlane/devex/pkg/mocks/mocks_utils.go:44.37,46.3 1 0
github.com/jameswlane/devex/pkg/mocks/mocks_utils.go:47.2,47.62 1 0
github.com/jameswlane/devex/pkg/mocks/mocks_utils.go:50.112,53.37 3 0
github.com/jameswlane/devex/pkg/mocks/mocks_utils.go:53.37,55.3 1 0
github.com/jameswlane/devex/pkg/mocks/mocks_utils.go:56.2,56.75 1 0
github.com/jameswlane/devex/pkg/mocks/mocks_utils.go:59.65,61.29 2 0
github.com/jameswlane/devex/pkg/mocks/mocks_utils.go:61.29,63.3 1 0
github.com/jameswlane/devex/pkg/mocks/mocks_utils.go:64.2,64.12 1 0
github.com/jameswlane/devex/pkg/mocks/mocks_utils.go:67.97,69.29 2 1
github.com/jameswlane/devex/pkg/mocks/mocks_utils.go:69.29,71.3 1 1
github.com/jameswlane/devex/pkg/mocks/mocks_utils.go:72.2,72.12 1 1
github.com/jameswlane/devex/pkg/mocks/mocks_utils.go:75.66,77.2 1 0
github.com/jameswlane/devex/pkg/mocks/mocks_utils.go:79.98,83.2 2 0
github.com/jameswlane/devex/pkg/mocks/mocks_utils.go:85.78,89.2 2 0
github.com/jameswlane/devex/pkg/mocks/mocks_utils.go:91.50,94.2 1 0
github.com/jameswlane/devex/pkg/mocks/mocks_utils.go:96.79,98.41 1 0
github.com/jameswlane/devex/pkg/mocks/mocks_utils.go:98.41,100.3 1 0
github.com/jameswlane/devex/pkg/mocks/mocks_utils.go:101.2,101.59 1 0
github.com/jameswlane/devex/pkg/mocks/mocks_utils.go:104.67,107.2 1 0
github.com/jameswlane/devex/pkg/mocks/mocks_utils.go:109.83,111.31 1 0
github.com/jameswlane/devex/pkg/mocks/mocks_utils.go:111.31,113.3 1 0
github.com/jameswlane/devex/pkg/mocks/mocks_utils.go:114.2,114.12 1 0
github.com/jameswlane/devex/pkg/mocks/mocks_utils.go:117.94,120.39 2 0
github.com/jameswlane/devex/pkg/mocks/mocks_utils.go:120.39,122.3 1 0
github.com/jameswlane/devex/pkg/mocks/mocks_utils.go:123.2,123.15 1 0
github.com/jameswlane/devex/pkg/mocks/mocks_utils.go:126.91,128.35 1 0
github.com/jameswlane/devex/pkg/mocks/mocks_utils.go:128.35,130.3 1 0
github.com/jameswlane/devex/pkg/mocks/mocks_utils.go:131.2,131.12 1 0
github.com/jameswlane/devex/pkg/mocks/mocks_utils.go:134.50,136.30 2 1
github.com/jameswlane/devex/pkg/mocks/mocks_utils.go:136.30,138.3 1 1
github.com/jameswlane/devex/pkg/mocks/mocks_utils.go:139.2,139.12 1 1
github.com/jameswlane/devex/pkg/mocks/mocks_utils.go:142.54,144.29 2 0
github.com/jameswlane/devex/pkg/mocks/mocks_utils.go:144.29,146.3 1 0
github.com/jameswlane/devex/pkg/mocks/mocks_utils.go:147.2,147.12 1 0
github.com/jameswlane/devex/pkg/log/log.go:27.31,34.2 3 1
github.com/jameswlane/devex/pkg/log/log.go:37.37,39.2 1 1
github.com/jameswlane/devex/pkg/log/log.go:42.32,44.2 1 1
github.com/jameswlane/devex/pkg/log/log.go:47.38,48.24 1 1
github.com/jameswlane/devex/pkg/log/log.go:48.24,50.3 1 1
github.com/jameswlane/devex/pkg/log/log.go:54.78,55.33 1 1
github.com/jameswlane/devex/pkg/log/log.go:55.33,57.3 1 0
github.com/jameswlane/devex/pkg/log/log.go:60.2,61.30 2 1
github.com/jameswlane/devex/pkg/log/log.go:61.30,63.3 1 1
github.com/jameswlane/devex/pkg/log/log.go:64.2,66.44 2 1
github.com/jameswlane/devex/pkg/log/log.go:70.39,72.2 1 1
github.com/jameswlane/devex/pkg/log/log.go:75.39,77.2 1 1
github.com/jameswlane/devex/pkg/log/log.go:80.51,83.2 2 1
github.com/jameswlane/devex/pkg/log/log.go:86.51,89.2 2 1
github.com/jameswlane/devex/pkg/installers/installers.go:24.13,34.2 9 1
github.com/jameswlane/devex/pkg/installers/installers.go:36.78,38.13 2 1
github.com/jameswlane/devex/pkg/installers/installers.go:38.13,41.3 2 1
github.com/jameswlane/devex/pkg/installers/installers.go:42.2,43.52 2 0
github.com/jameswlane/devex/pkg/installers/installers.go:46.93,49.56 2 1
github.com/jameswlane/devex/pkg/installers/installers.go:49.56,51.3 1 0
github.com/jameswlane/devex/pkg/installers/installers.go:53.2,53.49 1 1
github.com/jameswlane/devex/pkg/installers/installers.go:53.49,55.3 1 0
github.com/jameswlane/devex/pkg/installers/installers.go:57.2,57.28 1 1
github.com/jameswlane/devex/pkg/installers/installers.go:57.28,58.66 1 0
github.com/jameswlane/devex/pkg/installers/installers.go:58.66,60.4 1 0
github.com/jameswlane/devex/pkg/installers/installers.go:63.2,63.59 1 1
github.com/jameswlane/devex/pkg/installers/installers.go:63.59,65.3 1 0
github.com/jameswlane/devex/pkg/installers/installers.go:67.2,67.46 1 1
github.com/jameswlane/devex/pkg/installers/installers.go:67.46,69.3 1 0
github.com/jameswlane/devex/pkg/installers/installers.go:71.2,71.64 1 1
github.com/jameswlane/devex/pkg/installers/installers.go:71.64,73.3 1 0
github.com/jameswlane/devex/pkg/installers/installers.go:75.2,75.29 1 1
github.com/jameswlane/devex/pkg/installers/installers.go:75.29,76.41 1 0
github.com/jameswlane/devex/pkg/installers/installers.go:76.41,77.138 1 0
github.com/jameswlane/devex/pkg/installers/installers.go:77.138,80.5 2 0
github.com/jameswlane/devex/pkg/installers/installers.go:83.3,83.54 1 0
github.com/jameswlane/devex/pkg/installers/installers.go:83.54,86.4 2 0
github.com/jameswlane/devex/pkg/installers/installers.go:89.2,89.48 1 1
github.com/jameswlane/devex/pkg/installers/installers.go:89.48,91.3 1 0
github.com/jameswlane/devex/pkg/installers/installers.go:93.2,93.43 1 1
github.com/jameswlane/devex/pkg/installers/installers.go:93.43,95.3 1 0
github.com/jameswlane/devex/pkg/installers/installers.go:97.2,97.57 1 1
github.com/jameswlane/devex/pkg/installers/installers.go:97.57,99.3 1 1
github.com/jameswlane/devex/pkg/installers/installers.go:101.2,101.60 1 0
github.com/jameswlane/devex/pkg/installers/installers.go:101.60,103.3 1 0
github.com/jameswlane/devex/pkg/installers/installers.go:105.2,105.49 1 0
github.com/jameswlane/devex/pkg/installers/installers.go:105.49,107.3 1 0
github.com/jameswlane/devex/pkg/installers/installers.go:109.2,110.12 2 0
github.com/jameswlane/devex/pkg/installers/installers.go:113.64,116.31 2 1
github.com/jameswlane/devex/pkg/installers/installers.go:116.31,117.34 1 0
github.com/jameswlane/devex/pkg/installers/installers.go:117.34,121.104 3 0
github.com/jameswlane/devex/pkg/installers/installers.go:121.104,124.5 2 0
github.com/jameswlane/devex/pkg/installers/installers.go:127.3,127.22 1 0
github.com/jameswlane/devex/pkg/installers/installers.go:127.22,131.18 4 0
github.com/jameswlane/devex/pkg/installers/installers.go:131.18,134.5 2 0
github.com/jameswlane/devex/pkg/installers/installers.go:137.3,137.22 1 0
github.com/jameswlane/devex/pkg/installers/installers.go:137.22,141.62 4 0
github.com/jameswlane/devex/pkg/installers/installers.go:141.62,144.5 2 0
github.com/jameswlane/devex/pkg/installers/installers.go:148.2,149.12 2 1
github.com/jameswlane/devex/pkg/installers/installers.go:152.57,153.24 1 1
github.com/jameswlane/devex/pkg/installers/installers.go:153.24,156.3 2 0
github.com/jameswlane/devex/pkg/installers/installers.go:158.2,161.70 3 1
github.com/jameswlane/devex/pkg/installers/installers.go:161.70,164.3 2 0
github.com/jameswlane/devex/pkg/installers/installers.go:166.2,167.12 2 1
github.com/jameswlane/devex/pkg/installers/installers.go:170.101,171.39 1 1
github.com/jameswlane/devex/pkg/installers/installers.go:171.39,174.17 2 0
github.com/jameswlane/devex/pkg/installers/installers.go:174.17,176.4 1 0
github.com/jameswlane/devex/pkg/installers/installers.go:179.3,179.61 1 0
github.com/jameswlane/devex/pkg/installers/installers.go:179.61,181.4 1 0
github.com/jameswlane/devex/pkg/installers/installers.go:183.2,183.12 1 1
github.com/jameswlane/devex/pkg/installers/installers.go:187.52,191.2 2 1
github.com/jameswlane/devex/pkg/installers/installers.go:194.47,198.2 2 1
github.com/jameswlane/devex/pkg/installers/installers.go:201.60,205.2 2 1
github.com/jameswlane/devex/pkg/installers/installers.go:208.53,212.2 2 1
github.com/jameswlane/devex/pkg/installers/installers.go:215.50,219.2 2 1
github.com/jameswlane/devex/pkg/installers/installers.go:222.53,226.2 2 0
github.com/jameswlane/devex/pkg/installers/appimage/appimage.go:20.31,22.2 1 1
github.com/jameswlane/devex/pkg/installers/appimage/appimage.go:24.82,29.43 3 0
github.com/jameswlane/devex/pkg/installers/appimage/appimage.go:29.43,32.3 1 0
github.com/jameswlane/devex/pkg/installers/appimage/appimage.go:35.2,41.16 3 0
github.com/jameswlane/devex/pkg/installers/appimage/appimage.go:41.16,44.3 2 0
github.com/jameswlane/devex/pkg/installers/appimage/appimage.go:45.2,45.17 1 0
github.com/jameswlane/devex/pkg/installers/appimage/appimage.go:45.17,48.3 2 0
github.com/jameswlane/devex/pkg/installers/appimage/appimage.go:51.2,51.65 1 0
github.com/jameswlane/devex/pkg/installers/appimage/appimage.go:51.65,54.3 2 0
github.com/jameswlane/devex/pkg/installers/appimage/appimage.go:56.2,59.48 2 0
github.com/jameswlane/devex/pkg/installers/appimage/appimage.go:59.48,62.3 2 0
github.com/jameswlane/devex/pkg/installers/appimage/appimage.go:64.2,65.12 2 0
github.com/jameswlane/devex/pkg/installers/appimage/appimage.go:68.60,70.21 2 0
github.com/jameswlane/devex/pkg/installers/appimage/appimage.go:70.21,72.3 1 0
github.com/jameswlane/devex/pkg/installers/appimage/appimage.go:73.2,73.27 1 0
github.com/jameswlane/devex/pkg/installers/appimage/appimage.go:76.60,81.69 4 0
github.com/jameswlane/devex/pkg/installers/appimage/appimage.go:81.69,83.3 1 0
github.com/jameswlane/devex/pkg/installers/appimage/appimage.go:85.2,86.60 2 0
github.com/jameswlane/devex/pkg/installers/appimage/appimage.go:86.60,88.3 1 0
github.com/jameswlane/devex/pkg/installers/appimage/appimage.go:90.2,91.81 2 0
github.com/jameswlane/devex/pkg/installers/appimage/appimage.go:91.81,93.3 1 0
github.com/jameswlane/devex/pkg/installers/appimage/appimage.go:95.2,96.52 2 0
github.com/jameswlane/devex/pkg/installers/appimage/appimage.go:96.52,98.3 1 0
github.com/jameswlane/devex/pkg/installers/appimage/appimage.go:100.2,100.12 1 0
github.com/jameswlane/devex/pkg/installers/appimage/appimage.go:103.56,107.16 3 0
github.com/jameswlane/devex/pkg/installers/appimage/appimage.go:107.16,110.3 2 0
github.com/jameswlane/devex/pkg/installers/appimage/appimage.go:111.2,114.16 3 0
github.com/jameswlane/devex/pkg/installers/appimage/appimage.go:114.16,117.3 2 0
github.com/jameswlane/devex/pkg/installers/appimage/appimage.go:118.2,121.6 3 0
github.com/jameswlane/devex/pkg/installers/appimage/appimage.go:121.6,123.20 2 0
github.com/jameswlane/devex/pkg/installers/appimage/appimage.go:123.20,124.9 1 0
github.com/jameswlane/devex/pkg/installers/appimage/appimage.go:126.3,126.17 1 0
github.com/jameswlane/devex/pkg/installers/appimage/appimage.go:126.17,129.4 2 0
github.com/jameswlane/devex/pkg/installers/appimage/appimage.go:131.3,132.85 2 0
github.com/jameswlane/devex/pkg/installers/appimage/appimage.go:132.85,135.4 2 0
github.com/jameswlane/devex/pkg/installers/appimage/appimage.go:137.3,137.26 1 0
github.com/jameswlane/devex/pkg/installers/appimage/appimage.go:138.20,140.53 2 0
github.com/jameswlane/devex/pkg/installers/appimage/appimage.go:140.53,143.5 2 0
github.com/jameswlane/devex/pkg/installers/appimage/appimage.go:144.20,147.18 3 0
github.com/jameswlane/devex/pkg/installers/appimage/appimage.go:147.18,150.5 2 0
github.com/jameswlane/devex/pkg/installers/appimage/appimage.go:151.4,152.57 2 0
github.com/jameswlane/devex/pkg/installers/appimage/appimage.go:152.57,155.5 2 0
github.com/jameswlane/devex/pkg/installers/appimage/appimage.go:159.2,160.12 2 0
github.com/jameswlane/devex/pkg/installers/apt/apt.go:17.26,19.2 1 1
github.com/jameswlane/devex/pkg/installers/apt/apt.go:21.77,33.16 4 0
github.com/jameswlane/devex/pkg/installers/apt/apt.go:33.16,36.3 2 0
github.com/jameswlane/devex/pkg/installers/apt/apt.go:38.2,38.17 1 0
github.com/jameswlane/devex/pkg/installers/apt/apt.go:38.17,41.3 2 0
github.com/jameswlane/devex/pkg/installers/apt/apt.go:44.2,45.77 2 0
github.com/jameswlane/devex/pkg/installers/apt/apt.go:45.77,48.3 2 0
github.com/jameswlane/devex/pkg/installers/apt/apt.go:50.2,53.45 2 0
github.com/jameswlane/devex/pkg/installers/apt/apt.go:53.45,56.3 2 0
github.com/jameswlane/devex/pkg/installers/apt/apt.go:58.2,59.12 2 0
github.com/jameswlane/devex/pkg/installers/apt/apt.go:62.66,66.66 2 0
github.com/jameswlane/devex/pkg/installers/apt/apt.go:66.66,69.3 2 0
github.com/jameswlane/devex/pkg/installers/apt/apt.go:72.2,73.76 2 0
github.com/jameswlane/devex/pkg/installers/apt/apt.go:73.76,76.3 2 0
github.com/jameswlane/devex/pkg/installers/apt/apt.go:79.2,80.92 2 0
github.com/jameswlane/devex/pkg/installers/apt/apt.go:80.92,82.3 1 0
github.com/jameswlane/devex/pkg/installers/apt/apt.go:84.2,85.12 2 0
github.com/jameswlane/devex/pkg/installers/apt/gpg.go:16.66,21.16 3 0
github.com/jameswlane/devex/pkg/installers/apt/gpg.go:21.16,24.3 2 0
github.com/jameswlane/devex/pkg/installers/apt/gpg.go:26.2,26.12 1 0
github.com/jameswlane/devex/pkg/installers/apt/gpg.go:26.12,29.3 2 0
github.com/jameswlane/devex/pkg/installers/apt/gpg.go:32.2,33.49 2 0
github.com/jameswlane/devex/pkg/installers/apt/gpg.go:33.49,36.3 2 0
github.com/jameswlane/devex/pkg/installers/apt/gpg.go:39.2,44.16 4 0
github.com/jameswlane/devex/pkg/installers/apt/gpg.go:44.16,47.3 2 0
github.com/jameswlane/devex/pkg/installers/apt/gpg.go:49.2,50.16 2 0
github.com/jameswlane/devex/pkg/installers/apt/gpg.go:50.16,53.3 2 0
github.com/jameswlane/devex/pkg/installers/apt/gpg.go:54.2,56.38 2 0
github.com/jameswlane/devex/pkg/installers/apt/gpg.go:56.38,59.3 2 0
github.com/jameswlane/devex/pkg/installers/apt/gpg.go:62.2,64.16 3 0
github.com/jameswlane/devex/pkg/installers/apt/gpg.go:64.16,67.3 2 0
github.com/jameswlane/devex/pkg/installers/apt/gpg.go:68.2,68.15 1 0
github.com/jameswlane/devex/pkg/installers/apt/gpg.go:68.15,69.43 1 0
github.com/jameswlane/devex/pkg/installers/apt/gpg.go:69.43,71.4 1 0
github.com/jameswlane/devex/pkg/installers/apt/gpg.go:74.2,74.55 1 0
github.com/jameswlane/devex/pkg/installers/apt/gpg.go:74.55,77.3 2 0
github.com/jameswlane/devex/pkg/installers/apt/gpg.go:80.2,80.13 1 0
github.com/jameswlane/devex/pkg/installers/apt/gpg.go:80.13,82.3 1 0
github.com/jameswlane/devex/pkg/installers/apt/gpg.go:85.2,85.57 1 0
github.com/jameswlane/devex/pkg/installers/apt/gpg.go:85.57,88.3 2 0
github.com/jameswlane/devex/pkg/installers/apt/gpg.go:90.2,91.12 2 0
github.com/jameswlane/devex/pkg/installers/apt/gpg_processor.go:12.56,17.70 3 0
github.com/jameswlane/devex/pkg/installers/apt/gpg_processor.go:17.70,20.3 2 0
github.com/jameswlane/devex/pkg/installers/apt/gpg_processor.go:23.2,23.44 1 0
github.com/jameswlane/devex/pkg/installers/apt/gpg_processor.go:23.44,25.3 1 0
github.com/jameswlane/devex/pkg/installers/apt/gpg_processor.go:25.8,27.3 1 0
github.com/jameswlane/devex/pkg/installers/apt/gpg_processor.go:29.2,30.12 2 0
github.com/jameswlane/devex/pkg/installers/apt/repo_validator.go:11.41,14.66 2 0
github.com/jameswlane/devex/pkg/installers/apt/repo_validator.go:14.66,17.3 2 0
github.com/jameswlane/devex/pkg/installers/apt/repo_validator.go:19.2,20.12 2 0
github.com/jameswlane/devex/pkg/installers/apt/repo_validator.go:23.46,25.2 1 0
github.com/jameswlane/devex/pkg/installers/apt/source.go:13.90,17.52 2 0
github.com/jameswlane/devex/pkg/installers/apt/source.go:17.52,20.3 2 0
github.com/jameswlane/devex/pkg/installers/apt/source.go:23.2,23.21 1 0
github.com/jameswlane/devex/pkg/installers/apt/source.go:23.21,24.79 1 0
github.com/jameswlane/devex/pkg/installers/apt/source.go:24.79,27.4 2 0
github.com/jameswlane/devex/pkg/installers/apt/source.go:31.2,39.49 4 0
github.com/jameswlane/devex/pkg/installers/apt/source.go:39.49,42.3 2 0
github.com/jameswlane/devex/pkg/installers/apt/source.go:45.2,46.16 2 0
github.com/jameswlane/devex/pkg/installers/apt/source.go:46.16,49.3 2 0
github.com/jameswlane/devex/pkg/installers/apt/source.go:50.2,50.12 1 0
github.com/jameswlane/devex/pkg/installers/apt/source.go:50.12,53.3 2 0
github.com/jameswlane/devex/pkg/installers/apt/source.go:56.2,56.84 1 0
github.com/jameswlane/devex/pkg/installers/apt/source.go:56.84,59.3 2 0
github.com/jameswlane/devex/pkg/installers/apt/source.go:61.2,62.12 2 0
github.com/jameswlane/devex/pkg/installers/apt/source.go:66.46,68.16 2 0
github.com/jameswlane/devex/pkg/installers/apt/source.go:68.16,71.3 2 0
github.com/jameswlane/devex/pkg/installers/apt/source.go:72.2,72.34 1 0
github.com/jameswlane/devex/pkg/installers/brew/brew.go:14.27,16.2 1 1
github.com/jameswlane/devex/pkg/installers/brew/brew.go:18.78,30.16 4 0
github.com/jameswlane/devex/pkg/installers/brew/brew.go:30.16,33.3 2 0
github.com/jameswlane/devex/pkg/installers/brew/brew.go:35.2,35.17 1 0
github.com/jameswlane/devex/pkg/installers/brew/brew.go:35.17,38.3 2 0
github.com/jameswlane/devex/pkg/installers/brew/brew.go:41.2,43.16 3 0
github.com/jameswlane/devex/pkg/installers/brew/brew.go:43.16,46.3 2 0
github.com/jameswlane/devex/pkg/installers/brew/brew.go:48.2,51.45 2 0
github.com/jameswlane/devex/pkg/installers/brew/brew.go:51.45,54.3 2 0
github.com/jameswlane/devex/pkg/installers/brew/brew.go:56.2,57.12 2 0
github.com/jameswlane/devex/pkg/installers/curlpipe/curlpipe.go:14.31,16.2 1 1
github.com/jameswlane/devex/pkg/installers/curlpipe/curlpipe.go:18.82,23.16 3 0
github.com/jameswlane/devex/pkg/installers/curlpipe/curlpipe.go:23.16,26.3 2 0
github.com/jameswlane/devex/pkg/installers/curlpipe/curlpipe.go:28.2,32.19 3 0
github.com/jameswlane/devex/pkg/installers/curlpipe/curlpipe.go:32.19,35.3 2 0
github.com/jameswlane/devex/pkg/installers/curlpipe/curlpipe.go:38.2,38.45 1 0
github.com/jameswlane/devex/pkg/installers/curlpipe/curlpipe.go:38.45,41.3 2 0
github.com/jameswlane/devex/pkg/installers/curlpipe/curlpipe.go:43.2,44.12 2 0
github.com/jameswlane/devex/pkg/installers/curlpipe/curlpipe.go:47.56,49.29 2 0
github.com/jameswlane/devex/pkg/installers/curlpipe/curlpipe.go:49.29,50.69 1 0
github.com/jameswlane/devex/pkg/installers/curlpipe/curlpipe.go:50.69,53.4 2 0
github.com/jameswlane/devex/pkg/installers/curlpipe/curlpipe.go:55.2,55.11 1 0
github.com/jameswlane/devex/pkg/installers/deb/deb.go:19.26,21.2 1 1
github.com/jameswlane/devex/pkg/installers/deb/deb.go:23.77,28.16 3 0
github.com/jameswlane/devex/pkg/installers/deb/deb.go:28.16,31.3 2 0
github.com/jameswlane/devex/pkg/installers/deb/deb.go:34.2,39.16 4 0
github.com/jameswlane/devex/pkg/installers/deb/deb.go:39.16,42.3 2 0
github.com/jameswlane/devex/pkg/installers/deb/deb.go:44.2,44.17 1 0
github.com/jameswlane/devex/pkg/installers/deb/deb.go:44.17,47.3 2 0
github.com/jameswlane/devex/pkg/installers/deb/deb.go:50.2,52.66 3 0
github.com/jameswlane/devex/pkg/installers/deb/deb.go:52.66,55.3 2 0
github.com/jameswlane/devex/pkg/installers/deb/deb.go:56.2,56.15 1 0
github.com/jameswlane/devex/pkg/installers/deb/deb.go:56.15,57.45 1 0
github.com/jameswlane/devex/pkg/installers/deb/deb.go:57.45,59.4 1 0
github.com/jameswlane/devex/pkg/installers/deb/deb.go:63.2,64.77 2 0
github.com/jameswlane/devex/pkg/installers/deb/deb.go:64.77,67.3 2 0
github.com/jameswlane/devex/pkg/installers/deb/deb.go:70.2,71.85 2 0
github.com/jameswlane/devex/pkg/installers/deb/deb.go:71.85,74.3 2 0
github.com/jameswlane/devex/pkg/installers/deb/deb.go:76.2,79.52 2 0
github.com/jameswlane/devex/pkg/installers/deb/deb.go:79.52,82.3 2 0
[...]
github.com/jameswlane/devex/pkg/installers/deb/utility.go:28.88,31.19 2 0
github.com/jameswlane/devex/pkg/installers/deb/utility.go:31.19,33.3 1 0
github.com/jameswlane/devex/pkg/installers/deb/utility.go:35.2,40.16 5 0
github.com/jameswlane/devex/pkg/installers/deb/utility.go:40.16,43.3 2 0
github.com/jameswlane/devex/pkg/installers/deb/utility.go:45.2,46.16 2 0
github.com/jameswlane/devex/pkg/installers/deb/utility.go:46.16,49.3 2 0
github.com/jameswlane/devex/pkg/installers/deb/utility.go:50.2,52.38 2 0
github.com/jameswlane/devex/pkg/installers/deb/utility.go:52.38,55.3 2 0
github.com/jameswlane/devex/pkg/installers/deb/utility.go:57.2,58.68 2 0
github.com/jameswlane/devex/pkg/installers/deb/utility.go:58.68,61.3 2 0
github.com/jameswlane/devex/pkg/installers/deb/utility.go:64.2,64.39 1 0
github.com/jameswlane/devex/pkg/installers/deb/utility.go:64.39,65.41 1 0
github.com/jameswlane/devex/pkg/installers/deb/utility.go:65.41,68.4 2 0
github.com/jameswlane/devex/pkg/installers/deb/utility.go:71.2,72.67 2 0
github.com/jameswlane/devex/pkg/installers/deb/utility.go:76.49,80.61 2 0
github.com/jameswlane/devex/pkg/installers/deb/utility.go:80.61,83.3 2 0
github.com/jameswlane/devex/pkg/installers/deb/utility.go:85.2,86.12 2 0
github.com/jameswlane/devex/pkg/installers/curlpipe/curlpipe.go:14.31,16.2 1 0
github.com/jameswlane/devex/pkg/installers/curlpipe/curlpipe.go:18.82,23.16 3 0
github.com/jameswlane/devex/pkg/installers/curlpipe/curlpipe.go:23.16,26.3 2 0
github.com/jameswlane/devex/pkg/installers/curlpipe/curlpipe.go:28.2,32.19 3 0
github.com/jameswlane/devex/pkg/installers/curlpipe/curlpipe.go:32.19,35.3 2 0
github.com/jameswlane/devex/pkg/installers/curlpipe/curlpipe.go:38.2,38.45 1 0
github.com/jameswlane/devex/pkg/installers/curlpipe/curlpipe.go:38.45,41.3 2 0
github.com/jameswlane/devex/pkg/installers/curlpipe/curlpipe.go:43.2,44.12 2 0
github.com/jameswlane/devex/pkg/installers/curlpipe/curlpipe.go:47.56,49.29 2 0
github.com/jameswlane/devex/pkg/installers/curlpipe/curlpipe.go:49.29,50.69 1 0
github.com/jameswlane/devex/pkg/installers/curlpipe/curlpipe.go:50.69,53.4 2 0
github.com/jameswlane/devex/pkg/installers/curlpipe/curlpipe.go:55.2,55.11 1 0
github.com/jameswlane/devex/pkg/installers/appimage/appimage.go:20.31,22.2 1 0
github.com/jameswlane/devex/pkg/installers/appimage/appimage.go:24.82,29.43 3 0
github.com/jameswlane/devex/pkg/installers/appimage/appimage.go:29.43,32.3 1 0
github.com/jameswlane/devex/pkg/installers/appimage/appimage.go:35.2,41.16 3 0
github.com/jameswlane/devex/pkg/installers/appimage/appimage.go:41.16,44.3 2 0
github.com/jameswlane/devex/pkg/installers/appimage/appimage.go:45.2,45.17 1 0
github.com/jameswlane/devex/pkg/installers/appimage/appimage.go:45.17,48.3 2 0
github.com/jameswlane/devex/pkg/installers/appimage/appimage.go:51.2,51.65 1 0
github.com/jameswlane/devex/pkg/installers/appimage/appimage.go:51.65,54.3 2 0
github.com/jameswlane/devex/pkg/installers/appimage/appimage.go:56.2,59.48 2 0
github.com/jameswlane/devex/pkg/installers/appimage/appimage.go:59.48,62.3 2 0
github.com/jameswlane/devex/pkg/installers/appimage/appimage.go:64.2,65.12 2 0
github.com/jameswlane/devex/pkg/installers/appimage/appimage.go:68.60,70.21 2 0
github.com/jameswlane/devex/pkg/installers/appimage/appimage.go:70.21,72.3 1 0
github.com/jameswlane/devex/pkg/installers/appimage/appimage.go:73.2,73.27 1 0
github.com/jameswlane/devex/pkg/installers/appimage/appimage.go:76.60,81.69 4 0
github.com/jameswlane/devex/pkg/installers/appimage/appimage.go:81.69,83.3 1 0
github.com/jameswlane/devex/pkg/installers/appimage/appimage.go:85.2,86.60 2 0
github.com/jameswlane/devex/pkg/installers/appimage/appimage.go:86.60,88.3 1 0
github.com/jameswlane/devex/pkg/installers/appimage/appimage.go:90.2,91.81 2 0
github.com/jameswlane/devex/pkg/installers/appimage/appimage.go:91.81,93.3 1 0
github.com/jameswlane/devex/pkg/installers/appimage/appimage.go:95.2,96.52 2 0
github.com/jameswlane/devex/pkg/installers/appimage/appimage.go:96.52,98.3 1 0
github.com/jameswlane/devex/pkg/installers/appimage/appimage.go:100.2,100.12 1 0
github.com/jameswlane/devex/pkg/installers/appimage/appimage.go:103.56,107.16 3 0
github.com/jameswlane/devex/pkg/installers/appimage/appimage.go:107.16,110.3 2 0
github.com/jameswlane/devex/pkg/installers/appimage/appimage.go:111.2,114.16 3 0
github.com/jameswlane/devex/pkg/installers/appimage/appimage.go:114.16,117.3 2 0
github.com/jameswlane/devex/pkg/installers/appimage/appimage.go:118.2,121.6 3 0
github.com/jameswlane/devex/pkg/installers/appimage/appimage.go:121.6,123.20 2 0
github.com/jameswlane/devex/pkg/installers/appimage/appimage.go:123.20,124.9 1 0
github.com/jameswlane/devex/pkg/installers/appimage/appimage.go:126.3,126.17 1 0
github.com/jameswlane/devex/pkg/installers/appimage/appimage.go:126.17,129.4 2 0
github.com/jameswlane/devex/pkg/installers/appimage/appimage.go:131.3,132.85 2 0
github.com/jameswlane/devex/pkg/installers/appimage/appimage.go:132.85,135.4 2 0
github.com/jameswlane/devex/pkg/installers/appimage/appimage.go:137.3,137.26 1 0
github.com/jameswlane/devex/pkg/installers/appimage/appimage.go:138.20,140.53 2 0
github.com/jameswlane/devex/pkg/installers/appimage/appimage.go:140.53,143.5 2 0
github.com/jameswlane/devex/pkg/installers/appimage/appimage.go:144.20,147.18 3 0
github.com/jameswlane/devex/pkg/installers/appimage/appimage.go:147.18,150.5 2 0
github.com/jameswlane/devex/pkg/installers/appimage/appimage.go:151.4,152.57 2 0
github.com/jameswlane/devex/pkg/installers/appimage/appimage.go:152.57,155.5 2 0
github.com/jameswlane/devex/pkg/installers/appimage/appimage.go:159.2,160.12 2 0
github.com/jameswlane/devex/pkg/installers/docker/docker.go:15.29,17.2 1 0
github.com/jameswlane/devex/pkg/installers/docker/docker.go:19.80,24.25 3 0
github.com/jameswlane/devex/pkg/installers/docker/docker.go:24.25,27.3 2 0
github.com/jameswlane/devex/pkg/installers/docker/docker.go:30.2,38.16 3 0
github.com/jameswlane/devex/pkg/installers/docker/docker.go:38.16,41.3 2 0
github.com/jameswlane/devex/pkg/installers/docker/docker.go:43.2,43.17 1 0
github.com/jameswlane/devex/pkg/installers/docker/docker.go:43.17,46.3 2 0
github.com/jameswlane/devex/pkg/installers/docker/docker.go:49.2,49.70 1 0
github.com/jameswlane/devex/pkg/installers/docker/docker.go:49.70,52.3 2 0
github.com/jameswlane/devex/pkg/installers/docker/docker.go:54.2,57.51 2 0
github.com/jameswlane/devex/pkg/installers/docker/docker.go:57.51,60.3 2 0
github.com/jameswlane/devex/pkg/installers/docker/docker.go:62.2,63.12 2 0
github.com/jameswlane/devex/pkg/installers/docker/docker.go:66.50,68.29 2 0
github.com/jameswlane/devex/pkg/installers/docker/docker.go:68.29,69.43 1 0
github.com/jameswlane/devex/pkg/installers/docker/docker.go:69.43,71.4 1 0
github.com/jameswlane/devex/pkg/installers/docker/docker.go:73.2,73.11 1 0
github.com/jameswlane/devex/pkg/installers/flatpak/flatpak.go:14.30,16.2 1 0
github.com/jameswlane/devex/pkg/installers/flatpak/flatpak.go:18.81,30.16 4 0
github.com/jameswlane/devex/pkg/installers/flatpak/flatpak.go:30.16,33.3 2 0
github.com/jameswlane/devex/pkg/installers/flatpak/flatpak.go:35.2,35.17 1 0
github.com/jameswlane/devex/pkg/installers/flatpak/flatpak.go:35.17,38.3 2 0
github.com/jameswlane/devex/pkg/installers/flatpak/flatpak.go:41.2,42.77 2 0
github.com/jameswlane/devex/pkg/installers/flatpak/flatpak.go:42.77,45.3 2 0
github.com/jameswlane/devex/pkg/installers/flatpak/flatpak.go:47.2,50.45 2 0
github.com/jameswlane/devex/pkg/installers/flatpak/flatpak.go:50.45,53.3 2 0
github.com/jameswlane/devex/pkg/installers/flatpak/flatpak.go:55.2,56.12 2 0
github.com/jameswlane/devex/pkg/sysmetrics/sysmetrics.go:17.67,19.2 1 1
github.com/jameswlane/devex/pkg/sysmetrics/sysmetrics.go:21.62,23.2 1 1
github.com/jameswlane/devex/pkg/sysmetrics/sysmetrics.go:25.64,27.2 1 1
github.com/jameswlane/devex/pkg/themes/themes.go:24.51,29.16 3 1
github.com/jameswlane/devex/pkg/themes/themes.go:29.16,32.3 2 1
github.com/jameswlane/devex/pkg/themes/themes.go:35.2,36.54 2 1
github.com/jameswlane/devex/pkg/themes/themes.go:36.54,39.3 2 1
github.com/jameswlane/devex/pkg/themes/themes.go:41.2,42.27 2 1
github.com/jameswlane/devex/pkg/systemsetup/systemsetup.go:11.24,15.83 2 1
github.com/jameswlane/devex/pkg/systemsetup/systemsetup.go:15.83,18.3 2 1
github.com/jameswlane/devex/pkg/systemsetup/systemsetup.go:21.2,21.99 1 1
github.com/jameswlane/devex/pkg/systemsetup/systemsetup.go:21.99,24.3 2 0
github.com/jameswlane/devex/pkg/systemsetup/systemsetup.go:26.2,27.12 2 1
github.com/jameswlane/devex/pkg/systemsetup/systemsetup.go:31.28,35.84 2 1
github.com/jameswlane/devex/pkg/systemsetup/systemsetup.go:35.84,38.3 2 1
github.com/jameswlane/devex/pkg/systemsetup/systemsetup.go:40.2,41.12 2 1
github.com/jameswlane/devex/pkg/systemsetup/systemsetup.go:45.35,49.127 2 1
github.com/jameswlane/devex/pkg/systemsetup/systemsetup.go:49.127,52.3 2 1
github.com/jameswlane/devex/pkg/systemsetup/systemsetup.go:55.2,55.117 1 1
github.com/jameswlane/devex/pkg/systemsetup/systemsetup.go:55.117,58.3 2 0
github.com/jameswlane/devex/pkg/systemsetup/systemsetup.go:60.2,61.12 2 1
github.com/jameswlane/devex/pkg/systemsetup/systemsetup.go:65.34,69.126 2 1
github.com/jameswlane/devex/pkg/systemsetup/systemsetup.go:69.126,72.3 2 1
github.com/jameswlane/devex/pkg/systemsetup/systemsetup.go:75.2,75.119 1 1
github.com/jameswlane/devex/pkg/systemsetup/systemsetup.go:75.119,78.3 2 0
github.com/jameswlane/devex/pkg/systemsetup/systemsetup.go:80.2,81.12 2 1
github.com/jameswlane/devex/pkg/systemsetup/systemsetup.go:85.21,89.104 2 1
github.com/jameswlane/devex/pkg/systemsetup/systemsetup.go:89.104,92.3 2 1
github.com/jameswlane/devex/pkg/systemsetup/systemsetup.go:94.2,95.12 2 1
github.com/jameswlane/devex/pkg/types/types.go:42.38,43.18 1 1
github.com/jameswlane/devex/pkg/types/types.go:43.18,45.3 1 1
github.com/jameswlane/devex/pkg/types/types.go:46.2,46.27 1 1
github.com/jameswlane/devex/pkg/types/types.go:46.27,48.3 1 1
github.com/jameswlane/devex/pkg/types/types.go:49.2,49.30 1 1
github.com/jameswlane/devex/pkg/types/types.go:49.30,50.39 1 1
github.com/jameswlane/devex/pkg/types/types.go:50.39,51.58 1 1
github.com/jameswlane/devex/pkg/types/types.go:51.58,53.5 1 1
github.com/jameswlane/devex/pkg/types/types.go:54.4,54.54 1 0
github.com/jameswlane/devex/pkg/types/types.go:54.54,56.5 1 0
github.com/jameswlane/devex/pkg/types/types.go:59.2,59.58 1 1
github.com/jameswlane/devex/pkg/types/types.go:59.58,61.3 1 0
github.com/jameswlane/devex/pkg/types/types.go:62.2,62.61 1 1
github.com/jameswlane/devex/pkg/types/types.go:62.61,64.3 1 0
github.com/jameswlane/devex/pkg/types/types.go:65.2,65.12 1 1
github.com/jameswlane/devex/pkg/types/types.go:77.42,78.27 1 1
github.com/jameswlane/devex/pkg/types/types.go:78.27,80.3 1 1
github.com/jameswlane/devex/pkg/types/types.go:81.2,81.12 1 1
github.com/jameswlane/devex/pkg/types/types.go:117.33,118.18 1 1
github.com/jameswlane/devex/pkg/types/types.go:118.18,120.3 1 1
github.com/jameswlane/devex/pkg/types/types.go:121.2,121.20 1 1
github.com/jameswlane/devex/pkg/types/types.go:121.20,123.3 1 1
github.com/jameswlane/devex/pkg/types/types.go:124.2,124.12 1 1
github.com/jameswlane/devex/pkg/utils/copy_config_file.go:13.67,19.64 5 1
github.com/jameswlane/devex/pkg/utils/copy_config_file.go:19.64,21.3 1 1
github.com/jameswlane/devex/pkg/utils/copy_config_file.go:22.2,22.52 1 1
github.com/jameswlane/devex/pkg/utils/copy_config_file.go:22.52,24.3 1 0
github.com/jameswlane/devex/pkg/utils/copy_config_file.go:26.2,26.78 1 1
github.com/jameswlane/devex/pkg/utils/copy_config_file.go:26.78,27.17 1 1
github.com/jameswlane/devex/pkg/utils/copy_config_file.go:27.17,29.4 1 0
github.com/jameswlane/devex/pkg/utils/copy_config_file.go:30.3,30.20 1 1
github.com/jameswlane/devex/pkg/utils/copy_config_file.go:30.20,32.28 2 1
github.com/jameswlane/devex/pkg/utils/copy_config_file.go:32.28,35.18 3 1
github.com/jameswlane/devex/pkg/utils/copy_config_file.go:35.18,35.27 1 1
github.com/jameswlane/devex/pkg/utils/copy_config_file.go:37.5,38.61 2 1
github.com/jameswlane/devex/pkg/utils/copy_config_file.go:38.61,41.6 2 1
github.com/jameswlane/devex/pkg/utils/copy_config_file.go:43.5,43.62 1 1
github.com/jameswlane/devex/pkg/utils/copy_config_file.go:43.62,45.25 2 0
github.com/jameswlane/devex/pkg/utils/copy_config_file.go:45.25,47.7 1 0
github.com/jameswlane/devex/pkg/utils/copy_config_file.go:48.6,48.17 1 0
github.com/jameswlane/devex/pkg/utils/copy_config_file.go:52.3,52.13 1 1
github.com/jameswlane/devex/pkg/utils/copy_config_file.go:54.2,54.16 1 1
github.com/jameswlane/devex/pkg/utils/copy_config_file.go:54.16,56.3 1 0
github.com/jameswlane/devex/pkg/utils/copy_config_file.go:58.2,59.17 2 1
github.com/jameswlane/devex/pkg/utils/copy_file.go:11.49,15.16 3 1
github.com/jameswlane/devex/pkg/utils/copy_file.go:15.16,17.3 1 0
github.com/jameswlane/devex/pkg/utils/copy_file.go:18.2,21.16 3 1
github.com/jameswlane/devex/pkg/utils/copy_file.go:21.16,23.3 1 0
github.com/jameswlane/devex/pkg/utils/copy_file.go:24.2,26.53 2 1
github.com/jameswlane/devex/pkg/utils/copy_file.go:26.53,28.3 1 0
github.com/jameswlane/devex/pkg/utils/copy_file.go:30.2,30.12 1 1
github.com/jameswlane/devex/pkg/utils/copy_to_bin.go:12.37,19.52 3 0
github.com/jameswlane/devex/pkg/utils/copy_to_bin.go:19.52,22.3 2 0
github.com/jameswlane/devex/pkg/utils/copy_to_bin.go:25.2,28.61 2 0
github.com/jameswlane/devex/pkg/utils/copy_to_bin.go:28.61,31.3 2 0
github.com/jameswlane/devex/pkg/utils/copy_to_bin.go:31.8,31.19 1 0
github.com/jameswlane/devex/pkg/utils/copy_to_bin.go:31.19,34.3 2 0
github.com/jameswlane/devex/pkg/utils/copy_to_bin.go:37.2,37.47 1 0
github.com/jameswlane/devex/pkg/utils/copy_to_bin.go:37.47,40.3 2 0
github.com/jameswlane/devex/pkg/utils/copy_to_bin.go:42.2,43.12 2 0
github.com/jameswlane/devex/pkg/utils/dependency_checker.go:16.57,17.35 1 0
github.com/jameswlane/devex/pkg/utils/dependency_checker.go:17.35,18.66 1 0
github.com/jameswlane/devex/pkg/utils/dependency_checker.go:18.66,21.4 2 0
github.com/jameswlane/devex/pkg/utils/dependency_checker.go:22.3,22.77 1 0
github.com/jameswlane/devex/pkg/utils/dependency_checker.go:24.2,24.12 1 0
github.com/jameswlane/devex/pkg/utils/download_file.go:12.50,14.16 2 0
github.com/jameswlane/devex/pkg/utils/download_file.go:14.16,16.3 1 0
github.com/jameswlane/devex/pkg/utils/download_file.go:17.2,21.16 4 0
github.com/jameswlane/devex/pkg/utils/download_file.go:21.16,23.3 1 0
github.com/jameswlane/devex/pkg/utils/download_file.go:25.2,26.16 2 0
github.com/jameswlane/devex/pkg/utils/download_file.go:26.16,28.3 1 0
github.com/jameswlane/devex/pkg/utils/download_file.go:29.2,31.55 2 0
github.com/jameswlane/devex/pkg/utils/download_file.go:31.55,33.3 1 0
github.com/jameswlane/devex/pkg/utils/download_file.go:35.2,35.12 1 0
github.com/jameswlane/devex/pkg/utils/download_file_with_context.go:10.86,12.16 2 0
github.com/jameswlane/devex/pkg/utils/download_file_with_context.go:12.16,14.3 1 0
github.com/jameswlane/devex/pkg/utils/download_file_with_context.go:16.2,17.16 2 0
github.com/jameswlane/devex/pkg/utils/download_file_with_context.go:17.16,19.3 1 0
github.com/jameswlane/devex/pkg/utils/download_file_with_context.go:20.2,23.16 3 0
github.com/jameswlane/devex/pkg/utils/download_file_with_context.go:23.16,25.3 1 0
github.com/jameswlane/devex/pkg/utils/download_file_with_context.go:26.2,29.12 3 0
github.com/jameswlane/devex/pkg/utils/exec.go:12.74,16.2 3 0
github.com/jameswlane/devex/pkg/utils/exec.go:18.103,22.2 3 0
github.com/jameswlane/devex/pkg/utils/exec.go:24.99,26.2 1 0
github.com/jameswlane/devex/pkg/utils/exec_as_user.go:13.65,18.22 3 0
github.com/jameswlane/devex/pkg/utils/exec_as_user.go:18.22,20.3 1 0
github.com/jameswlane/devex/pkg/utils/exec_as_user.go:21.2,21.22 1 0
github.com/jameswlane/devex/pkg/utils/exec_as_user.go:21.22,23.3 1 0
github.com/jameswlane/devex/pkg/utils/exec_as_user.go:24.2,30.49 3 0
github.com/jameswlane/devex/pkg/utils/exec_as_user.go:34.97,39.22 3 0
github.com/jameswlane/devex/pkg/utils/exec_as_user.go:39.22,41.3 1 0
github.com/jameswlane/devex/pkg/utils/exec_as_user.go:42.2,42.22 1 0
github.com/jameswlane/devex/pkg/utils/exec_as_user.go:42.22,44.3 1 0
github.com/jameswlane/devex/pkg/utils/exec_as_user.go:45.2,51.63 3 0
github.com/jameswlane/devex/pkg/utils/get_home_dir.go:8.35,9.56 1 0
github.com/jameswlane/devex/pkg/utils/get_home_dir.go:9.56,11.3 1 0
github.com/jameswlane/devex/pkg/utils/get_home_dir.go:12.2,12.25 1 0
github.com/jameswlane/devex/pkg/utils/get_shell_rc_path.go:12.64,16.19 2 0
github.com/jameswlane/devex/pkg/utils/get_shell_rc_path.go:16.19,18.20 2 0
github.com/jameswlane/devex/pkg/utils/get_shell_rc_path.go:18.20,21.4 1 0
github.com/jameswlane/devex/pkg/utils/get_shell_rc_path.go:25.2,31.42 2 0
github.com/jameswlane/devex/pkg/utils/get_shell_rc_path.go:31.42,32.40 1 0
github.com/jameswlane/devex/pkg/utils/get_shell_rc_path.go:32.40,35.4 2 0
github.com/jameswlane/devex/pkg/utils/get_shell_rc_path.go:39.2,40.83 2 0
github.com/jameswlane/devex/pkg/utils/get_user_shell.go:13.52,18.16 3 0
github.com/jameswlane/devex/pkg/utils/get_user_shell.go:18.16,21.3 2 0
github.com/jameswlane/devex/pkg/utils/get_user_shell.go:22.2,26.21 3 0
github.com/jameswlane/devex/pkg/utils/get_user_shell.go:26.21,29.45 3 0
github.com/jameswlane/devex/pkg/utils/get_user_shell.go:29.45,30.12 1 0
github.com/jameswlane/devex/pkg/utils/get_user_shell.go:32.3,34.20 3 0
github.com/jameswlane/devex/pkg/utils/get_user_shell.go:38.2,38.38 1 0
github.com/jameswlane/devex/pkg/utils/get_user_shell.go:38.38,41.3 2 0
github.com/jameswlane/devex/pkg/utils/get_user_shell.go:44.2,45.26 2 0
github.com/jameswlane/devex/pkg/utils/process_install_commands.go:16.62,23.31 5 0
github.com/jameswlane/devex/pkg/utils/process_install_commands.go:23.31,26.35 2 0
github.com/jameswlane/devex/pkg/utils/process_install_commands.go:26.35,31.18 4 0
github.com/jameswlane/devex/pkg/utils/process_install_commands.go:31.18,37.5 5 0
github.com/jameswlane/devex/pkg/utils/process_install_commands.go:39.4,39.79 1 0
github.com/jameswlane/devex/pkg/utils/process_install_commands.go:43.2,45.21 2 0
github.com/jameswlane/devex/pkg/utils/process_install_commands.go:45.21,48.3 1 0
github.com/jameswlane/devex/pkg/utils/process_install_commands.go:50.2,51.12 2 0
github.com/jameswlane/devex/pkg/utils/replace_placeholder.go:11.85,15.53 2 0
github.com/jameswlane/devex/pkg/utils/replace_placeholder.go:15.53,17.13 2 0
github.com/jameswlane/devex/pkg/utils/replace_placeholder.go:17.13,20.4 2 0
github.com/jameswlane/devex/pkg/utils/replace_placeholder.go:22.3,23.12 2 0
github.com/jameswlane/devex/pkg/utils/replace_placeholder.go:27.2,27.53 1 0
github.com/jameswlane/devex/pkg/utils/replace_placeholder.go:27.53,30.3 2 0
github.com/jameswlane/devex/pkg/utils/replace_placeholder.go:32.2,33.15 2 0
github.com/jameswlane/devex/pkg/utils/update_shell_config.go:10.76,12.16 2 0
github.com/jameswlane/devex/pkg/utils/update_shell_config.go:12.16,14.3 1 0
github.com/jameswlane/devex/pkg/utils/update_shell_config.go:16.2,17.16 2 0
github.com/jameswlane/devex/pkg/utils/update_shell_config.go:17.16,19.3 1 0
github.com/jameswlane/devex/pkg/utils/update_shell_config.go:21.2,22.31 2 0
github.com/jameswlane/devex/pkg/utils/update_shell_config.go:22.31,23.45 1 0
github.com/jameswlane/devex/pkg/utils/update_shell_config.go:23.45,25.4 1 0
github.com/jameswlane/devex/pkg/utils/update_shell_config.go:28.2,28.65 1 0
github.com/jameswlane/devex/pkg/utils/user.go:13.53,16.16 3 0
github.com/jameswlane/devex/pkg/utils/user.go:16.16,19.3 2 0
github.com/jameswlane/devex/pkg/utils/user.go:20.2,21.17 2 0
github.com/jameswlane/devex/pkg/utils/user.go:24.67,27.16 3 0
github.com/jameswlane/devex/pkg/utils/user.go:27.16,30.3 2 0
github.com/jameswlane/devex/pkg/utils/user.go:31.2,32.17 2 0
github.com/jameswlane/devex/pkg/utils/user.go:38.64,42.20 3 0
github.com/jameswlane/devex/pkg/utils/user.go:42.20,45.3 2 0
github.com/jameswlane/devex/pkg/utils/user.go:47.2,48.39 2 0
