mode: set
github.com/jameswlane/devex/pkg/datastore/schema_updater.go:15.76,29.67 6 0
github.com/jameswlane/devex/pkg/datastore/schema_updater.go:29.67,32.3 2 0
github.com/jameswlane/devex/pkg/datastore/schema_updater.go:35.2,36.16 2 0
github.com/jameswlane/devex/pkg/datastore/schema_updater.go:36.16,39.3 2 0
github.com/jameswlane/devex/pkg/datastore/schema_updater.go:40.2,44.16 3 0
github.com/jameswlane/devex/pkg/datastore/schema_updater.go:44.16,47.3 2 0
github.com/jameswlane/devex/pkg/datastore/schema_updater.go:48.2,52.29 3 0
github.com/jameswlane/devex/pkg/datastore/schema_updater.go:52.29,53.48 1 0
github.com/jameswlane/devex/pkg/datastore/schema_updater.go:53.48,55.4 1 0
github.com/jameswlane/devex/pkg/datastore/schema_updater.go:57.2,63.39 3 0
github.com/jameswlane/devex/pkg/datastore/schema_updater.go:63.39,66.17 3 0
github.com/jameswlane/devex/pkg/datastore/schema_updater.go:66.17,69.4 2 0
github.com/jameswlane/devex/pkg/datastore/schema_updater.go:71.3,71.31 1 0
github.com/jameswlane/devex/pkg/datastore/schema_updater.go:71.31,74.18 3 0
github.com/jameswlane/devex/pkg/datastore/schema_updater.go:74.18,77.5 2 0
github.com/jameswlane/devex/pkg/datastore/schema_updater.go:80.4,81.62 2 0
github.com/jameswlane/devex/pkg/datastore/schema_updater.go:81.62,84.5 2 0
github.com/jameswlane/devex/pkg/datastore/schema_updater.go:87.4,88.51 2 0
github.com/jameswlane/devex/pkg/datastore/schema_updater.go:88.51,91.5 2 0
github.com/jameswlane/devex/pkg/datastore/schema_updater.go:95.2,96.12 2 0
github.com/jameswlane/devex/pkg/datastore/sqlite.go:15.48,17.16 2 0
github.com/jameswlane/devex/pkg/datastore/sqlite.go:17.16,19.3 1 0
github.com/jameswlane/devex/pkg/datastore/sqlite.go:21.2,22.16 2 0
github.com/jameswlane/devex/pkg/datastore/sqlite.go:22.16,24.3 1 0
github.com/jameswlane/devex/pkg/datastore/sqlite.go:26.2,26.33 1 0
github.com/jameswlane/devex/pkg/datastore/sqlite.go:30.33,32.2 1 0
github.com/jameswlane/devex/pkg/datastore/sqlite.go:35.43,51.16 3 0
github.com/jameswlane/devex/pkg/datastore/sqlite.go:51.16,53.3 1 0
github.com/jameswlane/devex/pkg/datastore/sqlite.go:54.2,54.12 1 0
github.com/jameswlane/devex/pkg/datastore/sqlite.go:58.56,61.2 2 0
github.com/jameswlane/devex/pkg/datastore/sqlite.go:64.78,66.16 2 0
github.com/jameswlane/devex/pkg/datastore/sqlite.go:66.16,68.3 1 0
github.com/jameswlane/devex/pkg/datastore/sqlite.go:69.2,72.16 3 0
github.com/jameswlane/devex/pkg/datastore/sqlite.go:72.16,74.3 1 0
github.com/jameswlane/devex/pkg/datastore/sqlite.go:76.2,79.24 4 0
github.com/jameswlane/devex/pkg/datastore/sqlite.go:79.24,81.3 1 0
github.com/jameswlane/devex/pkg/datastore/sqlite.go:83.2,83.17 1 0
github.com/jameswlane/devex/pkg/datastore/sqlite.go:83.17,84.48 1 0
github.com/jameswlane/devex/pkg/datastore/sqlite.go:84.48,86.4 1 0
github.com/jameswlane/devex/pkg/datastore/sqlite.go:89.2,89.30 1 0
github.com/jameswlane/devex/pkg/datastore/sqlite.go:89.30,91.3 1 0
github.com/jameswlane/devex/pkg/datastore/sqlite.go:93.2,93.18 1 0
github.com/jameswlane/devex/pkg/datastore/sqlite.go:97.70,99.2 1 0
github.com/jameswlane/devex/pkg/datastore/sqlite.go:102.59,106.16 3 0
github.com/jameswlane/devex/pkg/datastore/sqlite.go:106.16,108.3 1 0
github.com/jameswlane/devex/pkg/datastore/sqlite.go:110.2,111.18 2 0
github.com/jameswlane/devex/pkg/datastore/sqlite.go:111.18,115.25 4 0
github.com/jameswlane/devex/pkg/datastore/sqlite.go:115.25,117.4 1 0
github.com/jameswlane/devex/pkg/datastore/sqlite.go:119.3,119.48 1 0
github.com/jameswlane/devex/pkg/datastore/sqlite.go:119.48,121.4 1 0
github.com/jameswlane/devex/pkg/datastore/sqlite.go:123.3,123.31 1 0
github.com/jameswlane/devex/pkg/datastore/sqlite.go:123.31,125.4 1 0
github.com/jameswlane/devex/pkg/datastore/sqlite.go:127.3,127.33 1 0
github.com/jameswlane/devex/pkg/datastore/sqlite.go:130.2,130.21 1 0
github.com/jameswlane/devex/pkg/datastore/sqlite.go:134.32,136.2 1 0
github.com/jameswlane/devex/pkg/datastore/sqlite_test_utils.go:11.47,13.19 2 0
github.com/jameswlane/devex/pkg/datastore/sqlite_test_utils.go:13.19,15.6 1 0
github.com/jameswlane/devex/pkg/datastore/sqlite_test_utils.go:18.5,18.21 1 0
github.com/jameswlane/devex/pkg/datastore/sqlite_test_utils.go:18.21,20.23 2 0
github.com/jameswlane/devex/pkg/datastore/sqlite_test_utils.go:20.23,22.10 1 0
github.com/jameswlane/devex/pkg/datastore/sqlite_test_utils.go:25.5,25.16 1 0
